This is pdfTeX, Version 3.1415926-2.5-1.40.14 (MiKTeX 2.9 64-bit) (preloaded format=pdflatex 2014.1.15)  14 SEP 2014 19:10
entering extended mode
**07_CPT_01_ElementsFiletes_Cours.tex

(C:\Enseignements\GitHub\07_Etude_Systemes_Mecaniques_Analyser_Concevoir_Realis
er\Concevoir\01_BasesCommunicationTechnique\02_ElémentsFiletés\Cours_XP\07_CP
T_01_ElementsFiletes_Cours.tex
LaTeX2e <2011/06/27>
Babel <v3.8m> and hyphenation patterns for english, afrikaans, ancientgreek, ar
abic, armenian, assamese, basque, bengali, bokmal, bulgarian, catalan, coptic, 
croatian, czech, danish, dutch, esperanto, estonian, farsi, finnish, french, ga
lician, german, german-x-2013-05-26, greek, gujarati, hindi, hungarian, iceland
ic, indonesian, interlingua, irish, italian, kannada, kurmanji, latin, latvian,
 lithuanian, malayalam, marathi, mongolian, mongolianlmc, monogreek, ngerman, n
german-x-2013-05-26, nynorsk, oriya, panjabi, pinyin, polish, portuguese, roman
ian, russian, sanskrit, serbian, slovak, slovenian, spanish, swedish, swissgerm
an, tamil, telugu, turkish, turkmen, ukenglish, ukrainian, uppersorbian, usengl
ishmax, welsh, loaded.
("C:\Program Files\MiKTeX 2.9\tex\latex\base\article.cls"
Document Class: article 2007/10/19 v1.4h Standard LaTeX document class
("C:\Program Files\MiKTeX 2.9\tex\latex\base\size11.clo"
File: size11.clo 2007/10/19 v1.4h Standard LaTeX file (size option)
)
\c@part=\count79
\c@section=\count80
\c@subsection=\count81
\c@subsubsection=\count82
\c@paragraph=\count83
\c@subparagraph=\count84
\c@figure=\count85
\c@table=\count86
\abovecaptionskip=\skip41
\belowcaptionskip=\skip42
\bibindent=\dimen102
)
(C:\Enseignements\GitHub\07_Etude_Systemes_Mecaniques_Analyser_Concevoir_Realis
er\Concevoir\01_BasesCommunicationTechnique\02_ElémentsFiletés\Cours_XP\cours
Headings.tex ("C:\Program Files\MiKTeX 2.9\tex\latex\base\fontenc.sty"
Package: fontenc 2005/09/27 v1.99g Standard LaTeX package

("C:\Program Files\MiKTeX 2.9\tex\latex\base\t1enc.def"
File: t1enc.def 2005/09/27 v1.99g Standard LaTeX file
LaTeX Font Info:    Redeclaring font encoding T1 on input line 43.
))
("C:\Program Files\MiKTeX 2.9\tex\latex\base\inputenc.sty"
Package: inputenc 2008/03/30 v1.1d Input encoding file
\inpenc@prehook=\toks14
\inpenc@posthook=\toks15

("C:\Program Files\MiKTeX 2.9\tex\latex\base\utf8.def"
File: utf8.def 2008/04/05 v1.1m UTF-8 support for inputenc
Now handling font encoding OML ...
... no UTF-8 mapping file for font encoding OML
Now handling font encoding T1 ...
... processing UTF-8 mapping file for font encoding T1

("C:\Program Files\MiKTeX 2.9\tex\latex\base\t1enc.dfu"
File: t1enc.dfu 2008/04/05 v1.1m UTF-8 support for inputenc
   defining Unicode char U+00A1 (decimal 161)
   defining Unicode char U+00A3 (decimal 163)
   defining Unicode char U+00AB (decimal 171)
   defining Unicode char U+00BB (decimal 187)
   defining Unicode char U+00BF (decimal 191)
   defining Unicode char U+00C0 (decimal 192)
   defining Unicode char U+00C1 (decimal 193)
   defining Unicode char U+00C2 (decimal 194)
   defining Unicode char U+00C3 (decimal 195)
   defining Unicode char U+00C4 (decimal 196)
   defining Unicode char U+00C5 (decimal 197)
   defining Unicode char U+00C6 (decimal 198)
   defining Unicode char U+00C7 (decimal 199)
   defining Unicode char U+00C8 (decimal 200)
   defining Unicode char U+00C9 (decimal 201)
   defining Unicode char U+00CA (decimal 202)
   defining Unicode char U+00CB (decimal 203)
   defining Unicode char U+00CC (decimal 204)
   defining Unicode char U+00CD (decimal 205)
   defining Unicode char U+00CE (decimal 206)
   defining Unicode char U+00CF (decimal 207)
   defining Unicode char U+00D0 (decimal 208)
   defining Unicode char U+00D1 (decimal 209)
   defining Unicode char U+00D2 (decimal 210)
   defining Unicode char U+00D3 (decimal 211)
   defining Unicode char U+00D4 (decimal 212)
   defining Unicode char U+00D5 (decimal 213)
   defining Unicode char U+00D6 (decimal 214)
   defining Unicode char U+00D8 (decimal 216)
   defining Unicode char U+00D9 (decimal 217)
   defining Unicode char U+00DA (decimal 218)
   defining Unicode char U+00DB (decimal 219)
   defining Unicode char U+00DC (decimal 220)
   defining Unicode char U+00DD (decimal 221)
   defining Unicode char U+00DE (decimal 222)
   defining Unicode char U+00DF (decimal 223)
   defining Unicode char U+00E0 (decimal 224)
   defining Unicode char U+00E1 (decimal 225)
   defining Unicode char U+00E2 (decimal 226)
   defining Unicode char U+00E3 (decimal 227)
   defining Unicode char U+00E4 (decimal 228)
   defining Unicode char U+00E5 (decimal 229)
   defining Unicode char U+00E6 (decimal 230)
   defining Unicode char U+00E7 (decimal 231)
   defining Unicode char U+00E8 (decimal 232)
   defining Unicode char U+00E9 (decimal 233)
   defining Unicode char U+00EA (decimal 234)
   defining Unicode char U+00EB (decimal 235)
   defining Unicode char U+00EC (decimal 236)
   defining Unicode char U+00ED (decimal 237)
   defining Unicode char U+00EE (decimal 238)
   defining Unicode char U+00EF (decimal 239)
   defining Unicode char U+00F0 (decimal 240)
   defining Unicode char U+00F1 (decimal 241)
   defining Unicode char U+00F2 (decimal 242)
   defining Unicode char U+00F3 (decimal 243)
   defining Unicode char U+00F4 (decimal 244)
   defining Unicode char U+00F5 (decimal 245)
   defining Unicode char U+00F6 (decimal 246)
   defining Unicode char U+00F8 (decimal 248)
   defining Unicode char U+00F9 (decimal 249)
   defining Unicode char U+00FA (decimal 250)
   defining Unicode char U+00FB (decimal 251)
   defining Unicode char U+00FC (decimal 252)
   defining Unicode char U+00FD (decimal 253)
   defining Unicode char U+00FE (decimal 254)
   defining Unicode char U+00FF (decimal 255)
   defining Unicode char U+0102 (decimal 258)
   defining Unicode char U+0103 (decimal 259)
   defining Unicode char U+0104 (decimal 260)
   defining Unicode char U+0105 (decimal 261)
   defining Unicode char U+0106 (decimal 262)
   defining Unicode char U+0107 (decimal 263)
   defining Unicode char U+010C (decimal 268)
   defining Unicode char U+010D (decimal 269)
   defining Unicode char U+010E (decimal 270)
   defining Unicode char U+010F (decimal 271)
   defining Unicode char U+0110 (decimal 272)
   defining Unicode char U+0111 (decimal 273)
   defining Unicode char U+0118 (decimal 280)
   defining Unicode char U+0119 (decimal 281)
   defining Unicode char U+011A (decimal 282)
   defining Unicode char U+011B (decimal 283)
   defining Unicode char U+011E (decimal 286)
   defining Unicode char U+011F (decimal 287)
   defining Unicode char U+0130 (decimal 304)
   defining Unicode char U+0131 (decimal 305)
   defining Unicode char U+0132 (decimal 306)
   defining Unicode char U+0133 (decimal 307)
   defining Unicode char U+0139 (decimal 313)
   defining Unicode char U+013A (decimal 314)
   defining Unicode char U+013D (decimal 317)
   defining Unicode char U+013E (decimal 318)
   defining Unicode char U+0141 (decimal 321)
   defining Unicode char U+0142 (decimal 322)
   defining Unicode char U+0143 (decimal 323)
   defining Unicode char U+0144 (decimal 324)
   defining Unicode char U+0147 (decimal 327)
   defining Unicode char U+0148 (decimal 328)
   defining Unicode char U+014A (decimal 330)
   defining Unicode char U+014B (decimal 331)
   defining Unicode char U+0150 (decimal 336)
   defining Unicode char U+0151 (decimal 337)
   defining Unicode char U+0152 (decimal 338)
   defining Unicode char U+0153 (decimal 339)
   defining Unicode char U+0154 (decimal 340)
   defining Unicode char U+0155 (decimal 341)
   defining Unicode char U+0158 (decimal 344)
   defining Unicode char U+0159 (decimal 345)
   defining Unicode char U+015A (decimal 346)
   defining Unicode char U+015B (decimal 347)
   defining Unicode char U+015E (decimal 350)
   defining Unicode char U+015F (decimal 351)
   defining Unicode char U+0160 (decimal 352)
   defining Unicode char U+0161 (decimal 353)
   defining Unicode char U+0162 (decimal 354)
   defining Unicode char U+0163 (decimal 355)
   defining Unicode char U+0164 (decimal 356)
   defining Unicode char U+0165 (decimal 357)
   defining Unicode char U+016E (decimal 366)
   defining Unicode char U+016F (decimal 367)
   defining Unicode char U+0170 (decimal 368)
   defining Unicode char U+0171 (decimal 369)
   defining Unicode char U+0178 (decimal 376)
   defining Unicode char U+0179 (decimal 377)
   defining Unicode char U+017A (decimal 378)
   defining Unicode char U+017B (decimal 379)
   defining Unicode char U+017C (decimal 380)
   defining Unicode char U+017D (decimal 381)
   defining Unicode char U+017E (decimal 382)
   defining Unicode char U+200C (decimal 8204)
   defining Unicode char U+2013 (decimal 8211)
   defining Unicode char U+2014 (decimal 8212)
   defining Unicode char U+2018 (decimal 8216)
   defining Unicode char U+2019 (decimal 8217)
   defining Unicode char U+201A (decimal 8218)
   defining Unicode char U+201C (decimal 8220)
   defining Unicode char U+201D (decimal 8221)
   defining Unicode char U+201E (decimal 8222)
   defining Unicode char U+2030 (decimal 8240)
   defining Unicode char U+2031 (decimal 8241)
   defining Unicode char U+2039 (decimal 8249)
   defining Unicode char U+203A (decimal 8250)
   defining Unicode char U+2423 (decimal 9251)
)
Now handling font encoding OT1 ...
... processing UTF-8 mapping file for font encoding OT1

("C:\Program Files\MiKTeX 2.9\tex\latex\base\ot1enc.dfu"
File: ot1enc.dfu 2008/04/05 v1.1m UTF-8 support for inputenc
   defining Unicode char U+00A1 (decimal 161)
   defining Unicode char U+00A3 (decimal 163)
   defining Unicode char U+00B8 (decimal 184)
   defining Unicode char U+00BF (decimal 191)
   defining Unicode char U+00C5 (decimal 197)
   defining Unicode char U+00C6 (decimal 198)
   defining Unicode char U+00D8 (decimal 216)
   defining Unicode char U+00DF (decimal 223)
   defining Unicode char U+00E6 (decimal 230)
   defining Unicode char U+00EC (decimal 236)
   defining Unicode char U+00ED (decimal 237)
   defining Unicode char U+00EE (decimal 238)
   defining Unicode char U+00EF (decimal 239)
   defining Unicode char U+00F8 (decimal 248)
   defining Unicode char U+0131 (decimal 305)
   defining Unicode char U+0141 (decimal 321)
   defining Unicode char U+0142 (decimal 322)
   defining Unicode char U+0152 (decimal 338)
   defining Unicode char U+0153 (decimal 339)
   defining Unicode char U+2013 (decimal 8211)
   defining Unicode char U+2014 (decimal 8212)
   defining Unicode char U+2018 (decimal 8216)
   defining Unicode char U+2019 (decimal 8217)
   defining Unicode char U+201C (decimal 8220)
   defining Unicode char U+201D (decimal 8221)
)
Now handling font encoding OMS ...
... processing UTF-8 mapping file for font encoding OMS

("C:\Program Files\MiKTeX 2.9\tex\latex\base\omsenc.dfu"
File: omsenc.dfu 2008/04/05 v1.1m UTF-8 support for inputenc
   defining Unicode char U+00A7 (decimal 167)
   defining Unicode char U+00B6 (decimal 182)
   defining Unicode char U+00B7 (decimal 183)
   defining Unicode char U+2020 (decimal 8224)
   defining Unicode char U+2021 (decimal 8225)
   defining Unicode char U+2022 (decimal 8226)
)
Now handling font encoding OMX ...
... no UTF-8 mapping file for font encoding OMX
Now handling font encoding U ...
... no UTF-8 mapping file for font encoding U
   defining Unicode char U+00A9 (decimal 169)
   defining Unicode char U+00AA (decimal 170)
   defining Unicode char U+00AE (decimal 174)
   defining Unicode char U+00BA (decimal 186)
   defining Unicode char U+02C6 (decimal 710)
   defining Unicode char U+02DC (decimal 732)
   defining Unicode char U+200C (decimal 8204)
   defining Unicode char U+2026 (decimal 8230)
   defining Unicode char U+2122 (decimal 8482)
   defining Unicode char U+2423 (decimal 9251)
))
("C:\Program Files\MiKTeX 2.9\tex\latex\mathdesign\mathdesign.sty"
Package: mathdesign 2013/08/29 v2.31 Math Design Project

("C:\Program Files\MiKTeX 2.9\tex\latex\graphics\keyval.sty"
Package: keyval 1999/03/16 v1.13 key=value parser (DPC)
\KV@toks@=\toks16
)
("C:\Program Files\MiKTeX 2.9\tex\latex\base\ifthen.sty"
Package: ifthen 2001/05/26 v1.1c Standard LaTeX ifthen package (DPC)
)
("C:\Program Files\MiKTeX 2.9\tex\latex\mathdesign\mdput\mdput.cfg")
("C:\Program Files\MiKTeX 2.9\tex\latex\mathdesign\mdput\mdput.sty"
Package: mdput 2013/08/29 v2.31 adobe utopia + mdput (Math Design Project)

("C:\Program Files\MiKTeX 2.9\tex\latex\mathdesign\mdfont.def"
File: mdfont.def 2013/08/29 v2.31 (Math Design Project)
)
("C:\Program Files\MiKTeX 2.9\tex\latex\mathdesign\mdsffont.def"
File: mdsffont.def 2013/08/29 v2.31 (Math Design Project)
)
("C:\Program Files\MiKTeX 2.9\tex\latex\mathdesign\mdttfont.def"
File: mdttfont.def 2013/08/29 v2.31 (Math Design Project)
)
\symmdcal=\mathgroup4
LaTeX Font Info:    Overwriting symbol font `mdcal' in version `bold'
(Font)                  OMS/mdput/m/n --> OMS/mdput/b/n on input line 97.
\symmdscr=\mathgroup5
LaTeX Font Info:    Overwriting symbol font `mdscr' in version `bold'
(Font)                  OMS/mdput/m/n --> OMS/mdput/b/n on input line 103.
LaTeX Font Info:    Overwriting math alphabet `\mathfrak' in version `bold'
(Font)                  U/xmdeuf/m/n --> U/xmdeuf/b/n on input line 110.
LaTeX Font Info:    Overwriting symbol font `operators' in version `normal'
(Font)                  OT1/cmr/m/n --> OT1/mdput/m/n on input line 121.
LaTeX Font Info:    Overwriting symbol font `letters' in version `normal'
(Font)                  OML/cmm/m/it --> OML/mdput/m/it on input line 122.
LaTeX Font Info:    Overwriting symbol font `symbols' in version `normal'
(Font)                  OMS/cmsy/m/n --> OMS/mdput/m/n on input line 123.
LaTeX Font Info:    Overwriting symbol font `largesymbols' in version `normal'
(Font)                  OMX/cmex/m/n --> OMX/mdput/m/n on input line 124.
LaTeX Font Info:    Overwriting symbol font `operators' in version `bold'
(Font)                  OT1/cmr/bx/n --> OT1/mdput/b/n on input line 126.
LaTeX Font Info:    Overwriting symbol font `letters' in version `bold'
(Font)                  OML/cmm/b/it --> OML/mdput/b/it on input line 127.
LaTeX Font Info:    Overwriting symbol font `symbols' in version `bold'
(Font)                  OMS/cmsy/b/n --> OMS/mdput/b/n on input line 128.
LaTeX Font Info:    Overwriting symbol font `largesymbols' in version `bold'
(Font)                  OMX/cmex/m/n --> OMX/mdput/b/n on input line 129.
LaTeX Font Info:    Overwriting math alphabet `\mathrm' in version `normal'
(Font)                  OT1/mdput/m/n --> T1/mdput/m/n on input line 131.
LaTeX Font Info:    Overwriting math alphabet `\mathbf' in version `normal'
(Font)                  OT1/cmr/bx/n --> T1/mdput/b/n on input line 132.
LaTeX Font Info:    Overwriting math alphabet `\mathit' in version `normal'
(Font)                  OT1/cmr/m/it --> T1/mdput/m/it on input line 133.
LaTeX Font Info:    Overwriting math alphabet `\mathsf' in version `normal'
(Font)                  OT1/cmss/m/n --> T1/cmss/m/n on input line 134.
LaTeX Font Info:    Overwriting math alphabet `\mathtt' in version `normal'
(Font)                  OT1/cmtt/m/n --> T1/cmtt/m/n on input line 135.
LaTeX Font Info:    Overwriting math alphabet `\mathrm' in version `bold'
(Font)                  OT1/mdput/b/n --> T1/mdput/b/n on input line 137.
LaTeX Font Info:    Overwriting math alphabet `\mathbf' in version `bold'
(Font)                  OT1/cmr/bx/n --> T1/mdput/b/n on input line 138.
LaTeX Font Info:    Overwriting math alphabet `\mathit' in version `bold'
(Font)                  OT1/cmr/bx/it --> T1/mdput/b/it on input line 139.
LaTeX Font Info:    Overwriting math alphabet `\mathsf' in version `bold'
(Font)                  OT1/cmss/bx/n --> T1/cmss/b/n on input line 140.
LaTeX Font Info:    Overwriting math alphabet `\mathtt' in version `bold'
(Font)                  OT1/cmtt/m/n --> T1/cmtt/b/n on input line 141.
\symlettersupright=\mathgroup6
LaTeX Font Info:    Overwriting symbol font `lettersupright' in version `bold'
(Font)                  OML/mdput/m/n --> OML/mdput/b/n on input line 144.
LaTeX Font Info:    Redeclaring math alphabet \mathrm on input line 145.
LaTeX Font Info:    Overwriting math alphabet `\mathcal' in version `normal'
(Font)                  OMS/mdput/m/n --> OMS/mdput/m/n on input line 167.

("C:\Program Files\MiKTeX 2.9\tex\latex\xkeyval\xkeyval.sty"
Package: xkeyval 2012/10/14 v2.6b package option processing (HA)

("C:\Program Files\MiKTeX 2.9\tex\generic\xkeyval\xkeyval.tex"
\XKV@toks=\toks17
\XKV@tempa@toks=\toks18
\XKV@depth=\count87
File: xkeyval.tex 2012/10/14 v2.6b key=value parser (HA)
))
LaTeX Font Info:    Try loading font information for T1+mdput on input line 186
.

("C:\Program Files\MiKTeX 2.9\tex\latex\mathdesign\mdput\t1mdput.fd"
File: t1mdput.fd 2013/08/29 Fontinst v1.933 font definitions for T1/mdput.
)
LaTeX Font Info:    Font shape `T1/mdput/m/n' will be
(Font)              scaled to size 10.29301pt on input line 186.
LaTeX Font Info:    Redeclaring math accent \widetilde on input line 449.
LaTeX Font Info:    Redeclaring math accent \widehat on input line 450.
Now handling font encoding MDA ...
... no UTF-8 mapping file for font encoding MDA
\symmathdesignA=\mathgroup7
LaTeX Font Info:    Overwriting symbol font `mathdesignA' in version `bold'
(Font)                  MDA/mdput/m/n --> MDA/mdput/b/n on input line 491.
Now handling font encoding MDB ...
... no UTF-8 mapping file for font encoding MDB
\symmathdesignB=\mathgroup8
LaTeX Font Info:    Overwriting symbol font `mathdesignB' in version `bold'
(Font)                  MDB/mdput/m/n --> MDB/mdput/b/n on input line 498.
\@emptytoks=\toks19
LaTeX Font Info:    Redeclaring math accent \widetilde on input line 532.
LaTeX Font Info:    Redeclaring math accent \widehat on input line 533.
\rulethickness=\skip43
)
("C:\Program Files\MiKTeX 2.9\tex\latex\base\fontenc.sty"
Package: fontenc 2005/09/27 v1.99g Standard LaTeX package

("C:\Program Files\MiKTeX 2.9\tex\latex\base\t1enc.def"
File: t1enc.def 2005/09/27 v1.99g Standard LaTeX file
LaTeX Font Info:    Redeclaring font encoding T1 on input line 43.
)))
("C:\Program Files\MiKTeX 2.9\tex\latex\amsmath\amsmath.sty"
Package: amsmath 2013/01/14 v2.14 AMS math features
\@mathmargin=\skip44

For additional information on amsmath, use the `?' option.
("C:\Program Files\MiKTeX 2.9\tex\latex\amsmath\amstext.sty"
Package: amstext 2000/06/29 v2.01

("C:\Program Files\MiKTeX 2.9\tex\latex\amsmath\amsgen.sty"
File: amsgen.sty 1999/11/30 v2.0
\@emptytoks=\toks20
\ex@=\dimen103
))
("C:\Program Files\MiKTeX 2.9\tex\latex\amsmath\amsbsy.sty"
Package: amsbsy 1999/11/29 v1.2d
\pmbraise@=\dimen104
)
("C:\Program Files\MiKTeX 2.9\tex\latex\amsmath\amsopn.sty"
Package: amsopn 1999/12/14 v2.01 operator names
)
\inf@bad=\count88
LaTeX Info: Redefining \frac on input line 210.
\uproot@=\count89
\leftroot@=\count90
LaTeX Info: Redefining \overline on input line 306.
\classnum@=\count91
\DOTSCASE@=\count92
LaTeX Info: Redefining \ldots on input line 378.
LaTeX Info: Redefining \dots on input line 381.
LaTeX Info: Redefining \cdots on input line 466.
\Mathstrutbox@=\box26
\strutbox@=\box27
\big@size=\dimen105
LaTeX Font Info:    Redeclaring font encoding OML on input line 566.
LaTeX Font Info:    Redeclaring font encoding OMS on input line 567.
\macc@depth=\count93
\c@MaxMatrixCols=\count94
\dotsspace@=\muskip10
\c@parentequation=\count95
\dspbrk@lvl=\count96
\tag@help=\toks21
\row@=\count97
\column@=\count98
\maxfields@=\count99
\andhelp@=\toks22
\eqnshift@=\dimen106
\alignsep@=\dimen107
\tagshift@=\dimen108
\tagwidth@=\dimen109
\totwidth@=\dimen110
\lineht@=\dimen111
\@envbody=\toks23
\multlinegap=\skip45
\multlinetaggap=\skip46
\mathdisplay@stack=\toks24
LaTeX Info: Redefining \[ on input line 2665.
LaTeX Info: Redefining \] on input line 2666.
)
("C:\Program Files\MiKTeX 2.9\tex\generic\babel\babel.sty"
Package: babel 2008/07/08 v3.8m The Babel package

*************************************
* Local config file bblopts.cfg used
*
("C:\Program Files\MiKTeX 2.9\tex\latex\00miktex\bblopts.cfg"
File: bblopts.cfg 2006/07/31 v1.0 MiKTeX 'babel' configuration
)
("C:\Program Files\MiKTeX 2.9\tex\generic\babel\frenchb.ldf"
Language: frenchb 2009/03/16 v2.3d French support from the babel system

("C:\Program Files\MiKTeX 2.9\tex\generic\babel\babel.def"
File: babel.def 2008/07/08 v3.8m Babel common definitions
\babel@savecnt=\count100
\U@D=\dimen112
)
Package babel Info: Making : an active character on input line 120.
Package babel Info: Making ; an active character on input line 121.
Package babel Info: Making ! an active character on input line 122.
Package babel Info: Making ? an active character on input line 123.
\FB@Mht=\dimen113
\std@mcc=\count101
\dec@mcc=\count102
\parindentFFN=\dimen114

*************************************
* Local config file frenchb.cfg used
*
("C:\Program Files\MiKTeX 2.9\tex\generic\babel\frenchb.cfg")))
("C:\Program Files\MiKTeX 2.9\tex\latex\carlisle\scalefnt.sty")
("C:\Program Files\MiKTeX 2.9\tex\latex\graphics\graphicx.sty"
Package: graphicx 1999/02/16 v1.0f Enhanced LaTeX Graphics (DPC,SPQR)

("C:\Program Files\MiKTeX 2.9\tex\latex\graphics\graphics.sty"
Package: graphics 2009/02/05 v1.0o Standard LaTeX Graphics (DPC,SPQR)

("C:\Program Files\MiKTeX 2.9\tex\latex\graphics\trig.sty"
Package: trig 1999/03/16 v1.09 sin cos tan (DPC)
)
("C:\Program Files\MiKTeX 2.9\tex\latex\00miktex\graphics.cfg"
File: graphics.cfg 2007/01/18 v1.5 graphics configuration of teTeX/TeXLive
)
Package graphics Info: Driver file: dvips.def on input line 91.

("C:\Program Files\MiKTeX 2.9\tex\latex\graphics\dvips.def"
File: dvips.def 1999/02/16 v3.0i Driver-dependant file (DPC,SPQR)
))
\Gin@req@height=\dimen115
\Gin@req@width=\dimen116
)
("C:\Program Files\MiKTeX 2.9\tex\latex\framed\framed.sty"
Package: framed 2011/10/22 v 0.96: framed or shaded text with page breaks
\OuterFrameSep=\skip47
\fb@frw=\dimen117
\fb@frh=\dimen118
\FrameRule=\dimen119
\FrameSep=\dimen120
)
("C:\Program Files\MiKTeX 2.9\tex\latex\ulem\ulem.sty"
\UL@box=\box28
\UL@hyphenbox=\box29
\UL@skip=\skip48
\UL@hook=\toks25
\UL@height=\dimen121
\UL@pe=\count103
\UL@pixel=\dimen122
\ULC@box=\box30
Package: ulem 2012/05/18
\ULdepth=\dimen123
)
("C:\Program Files\MiKTeX 2.9\tex\latex\fancyhdr\fancyhdr.sty"
\fancy@headwidth=\skip49
\f@ncyO@elh=\skip50
\f@ncyO@erh=\skip51
\f@ncyO@olh=\skip52
\f@ncyO@orh=\skip53
\f@ncyO@elf=\skip54
\f@ncyO@erf=\skip55
\f@ncyO@olf=\skip56
\f@ncyO@orf=\skip57
)
("C:\Program Files\MiKTeX 2.9\tex\latex\titlesec\titlesec.sty"
Package: titlesec 2011/12/15 v2.10.0 Sectioning titles
\ttl@box=\box31
\beforetitleunit=\skip58
\aftertitleunit=\skip59
\ttl@plus=\dimen124
\ttl@minus=\dimen125
\ttl@toksa=\toks26
\titlewidth=\dimen126
\titlewidthlast=\dimen127
\titlewidthfirst=\dimen128
)
("C:\Program Files\MiKTeX 2.9\tex\latex\ieeepes\vmargin.sty"
Package: vmargin 1999/06/01

Package `vmargin', V2.2, <1999/06/01>
\PaperWidth=\dimen129
\PaperHeight=\dimen130
) ("C:\Program Files\MiKTeX 2.9\tex\latex\tools\longtable.sty"
Package: longtable 2004/02/01 v4.11 Multi-page Table package (DPC)
\LTleft=\skip60
\LTright=\skip61
\LTpre=\skip62
\LTpost=\skip63
\LTchunksize=\count104
\LTcapwidth=\dimen131
\LT@head=\box32
\LT@firsthead=\box33
\LT@foot=\box34
\LT@lastfoot=\box35
\LT@cols=\count105
\LT@rows=\count106
\c@LT@tables=\count107
\c@LT@chunks=\count108
\LT@p@ftn=\toks27
)
("C:\Program Files\MiKTeX 2.9\tex\latex\subfig\subfig.sty"
Package: subfig 2005/06/28 ver: 1.3 subfig package

("C:\Program Files\MiKTeX 2.9\tex\latex\caption\caption.sty"
Package: caption 2013/05/02 v3.3-89 Customizing captions (AR)

("C:\Program Files\MiKTeX 2.9\tex\latex\caption\caption3.sty"
Package: caption3 2013/05/02 v1.6-88 caption3 kernel (AR)
Package caption3 Info: TeX engine: e-TeX on input line 57.
\captionmargin=\dimen132
\captionmargin@=\dimen133
\captionwidth=\dimen134
\caption@tempdima=\dimen135
\caption@indent=\dimen136
\caption@parindent=\dimen137
\caption@hangindent=\dimen138
)
\c@ContinuedFloat=\count109
Package caption Info: longtable package is loaded.

("C:\Program Files\MiKTeX 2.9\tex\latex\caption\ltcaption.sty"
Package: ltcaption 2013/02/03 v1.3-62 longtable captions (AR)
))
\c@KVtest=\count110
\sf@farskip=\skip64
\sf@captopadj=\dimen139
\sf@capskip=\skip65
\sf@nearskip=\skip66
\c@subfigure=\count111
\c@subfigure@save=\count112
\c@lofdepth=\count113
\c@subtable=\count114
\c@subtable@save=\count115
\c@lotdepth=\count116
\sf@top=\skip67
\sf@bottom=\skip68
)
("C:\Program Files\MiKTeX 2.9\tex\latex\multirow\multirow.sty"
\bigstrutjot=\dimen140
)
("C:\Program Files\MiKTeX 2.9\tex\latex\tools\multicol.sty"
Package: multicol 2011/06/27 v1.7a multicolumn formatting (FMi)
\c@tracingmulticols=\count117
\mult@box=\box36
\multicol@leftmargin=\dimen141
\c@unbalance=\count118
\c@collectmore=\count119
\doublecol@number=\count120
\multicoltolerance=\count121
\multicolpretolerance=\count122
\full@width=\dimen142
\page@free=\dimen143
\premulticols=\dimen144
\postmulticols=\dimen145
\multicolsep=\skip69
\multicolbaselineskip=\skip70
\partial@page=\box37
\last@line=\box38
\mult@rightbox=\box39
\mult@grightbox=\box40
\mult@gfirstbox=\box41
\mult@firstbox=\box42
\@tempa=\box43
\@tempa=\box44
\@tempa=\box45
\@tempa=\box46
\@tempa=\box47
\@tempa=\box48
\@tempa=\box49
\@tempa=\box50
\@tempa=\box51
\@tempa=\box52
\@tempa=\box53
\@tempa=\box54
\@tempa=\box55
\@tempa=\box56
\@tempa=\box57
\@tempa=\box58
\@tempa=\box59
\c@columnbadness=\count123
\c@finalcolumnbadness=\count124
\last@try=\dimen146
\multicolovershoot=\dimen147
\multicolundershoot=\dimen148
\mult@nat@firstbox=\box60
\colbreak@box=\box61
\multicol@sort@counter=\count125
)
("C:\Program Files\MiKTeX 2.9\tex\latex\base\flafter.sty"
Package: flafter 2000/07/23 v1.2i Standard LaTeX floats after reference (FMi)
)
("C:\Program Files\MiKTeX 2.9\tex\latex\graphics\color.sty"
Package: color 2005/11/14 v1.0j Standard LaTeX Color (DPC)

("C:\Program Files\MiKTeX 2.9\tex\latex\00miktex\color.cfg"
File: color.cfg 2007/01/18 v1.5 color configuration of teTeX/TeXLive
)
Package color Info: Driver file: pdftex.def on input line 130.

("C:\Program Files\MiKTeX 2.9\tex\latex\pdftex-def\pdftex.def"
File: pdftex.def 2011/05/27 v0.06d Graphics/color for pdfTeX

("C:\Program Files\MiKTeX 2.9\tex\generic\oberdiek\infwarerr.sty"
Package: infwarerr 2010/04/08 v1.3 Providing info/warning/error messages (HO)
)
("C:\Program Files\MiKTeX 2.9\tex\generic\oberdiek\ltxcmds.sty"
Package: ltxcmds 2011/11/09 v1.22 LaTeX kernel commands for general use (HO)
)
\Gread@gobject=\count126
))
("C:\Program Files\MiKTeX 2.9\tex\latex\colortbl\colortbl.sty"
Package: colortbl 2012/02/13 v1.0a Color table columns (DPC)

("C:\Program Files\MiKTeX 2.9\tex\latex\tools\array.sty"
Package: array 2008/09/09 v2.4c Tabular extension package (FMi)
\col@sep=\dimen149
\extrarowheight=\dimen150
\NC@list=\toks28
\extratabsurround=\skip71
\backup@length=\skip72
)
\everycr=\toks29
\minrowclearance=\skip73
)
("C:\Program Files\MiKTeX 2.9\tex\latex\psfrag\psfrag.sty"
Package: psfrag 1998/04/11 v3.04 PSfrag (MCG)
\pfg@pcount=\count127
\pfg@scount=\count128
\pfg@temp=\write3
)
LaTeX Font Info:    Font shape `OT1/phv/b/n' will be
(Font)              scaled to size 70.47974pt on input line 365.
LaTeX Font Info:    Font shape `OT1/phv/m/it' in size <40> not available
(Font)              Font shape `OT1/phv/m/sl' tried instead on input line 367.
LaTeX Font Info:    Font shape `OT1/phv/m/sl' will be
(Font)              scaled to size 35.23987pt on input line 367.
LaTeX Font Info:    Font shape `T1/phv/b/n' will be
(Font)              scaled to size 22.02492pt on input line 369.

("C:\Program Files\MiKTeX 2.9\tex\latex\pst-solides3d\pst-solides3d.sty"
("C:\Program Files\MiKTeX 2.9\tex\latex\pstricks\pstricks.sty"
Package: pstricks 2013/12/12 v0.60 LaTeX wrapper for `PSTricks' (RN,HV)

("C:\Program Files\MiKTeX 2.9\tex\generic\oberdiek\ifpdf.sty"
Package: ifpdf 2011/01/30 v2.3 Provides the ifpdf switch (HO)
Package ifpdf Info: pdfTeX in PDF mode is detected.
)
("C:\Program Files\MiKTeX 2.9\tex\generic\pstricks\base\pstricks.tex"
("C:\Program Files\MiKTeX 2.9\tex\generic\xkeyval\pst-xkey.tex"
File: pst-xkey.tex 2005/11/25 v1.6 PSTricks specialization of xkeyval (HA)
)
("C:\Program Files\MiKTeX 2.9\tex\generic\pstricks\base\pst-fp.tex"
`pst-fp' v0.05, 2010/01/17 (hv)
\pstFP@xs=\count129
\pstFP@xia=\count130
\pstFP@xib=\count131
\pstFP@xfa=\count132
\pstFP@xfb=\count133
\pstFP@rega=\count134
\pstFP@regb=\count135
\pstFP@regs=\count136
\pstFP@times=\count137
)
("C:\Program Files\MiKTeX 2.9\tex\generic\pgf\utilities\pgfutil-common.tex"
\pgfutil@everybye=\toks30
)
("C:\Program Files\MiKTeX 2.9\tex\generic\pgf\utilities\pgfkeys.code.tex"
\pgfkeys@pathtoks=\toks31
\pgfkeys@temptoks=\toks32

("C:\Program Files\MiKTeX 2.9\tex\generic\pgf\utilities\pgfkeysfiltered.code.te
x"
\pgfkeys@tmptoks=\toks33
)) ("C:\Program Files\MiKTeX 2.9\tex\generic\pgf\utilities\pgffor.code.tex"
\pgffor@iter=\dimen151
\pgffor@skip=\dimen152
\pgffor@stack=\toks34
\pgffor@toks=\toks35
)
\psLoopIndex=\count138

`PSTricks' v2.49b  <2013/12/21> (tvz)
\pst@dima=\dimen153
\pst@dimb=\dimen154
\pst@dimc=\dimen155
\pst@dimd=\dimen156
\pst@dimg=\dimen157
\pst@dimh=\dimen158
\pst@dimm=\dimen159
\pst@dimn=\dimen160
\pst@dimo=\dimen161
\pst@dimp=\dimen162
\pst@hbox=\box62
\pst@ibox=\box63
\pst@boxg=\box64
\pst@cnta=\count139
\pst@cntb=\count140
\pst@cntc=\count141
\pst@cntd=\count142
\pst@cntg=\count143
\pst@cnth=\count144
\pst@cntm=\count145
\pst@cntn=\count146
\pst@cnto=\count147
\pst@cntp=\count148
\@zero=\count149
\pst@toks=\toks36
("C:\Program Files\MiKTeX 2.9\tex\generic\pstricks\base\pstricks.con")
\psunit=\dimen163
\psxunit=\dimen164
\psyunit=\dimen165
\pst@C@@rType=\count150
\pslinewidth=\dimen166
\psk@startLW=\dimen167
\psk@endLW=\dimen168
\pst@customdefs=\toks37
\pslinearc=\dimen169
\pst@symbolStep=\dimen170
\pst@symbolWidth=\dimen171
\pst@symbolLinewidth=\dimen172
\everypsbox=\toks38
\psframesep=\dimen173
\pslabelsep=\dimen174
\sh@wgridXunit=\dimen175
\sh@wgridYunit=\dimen176
\pst@shift=\dimen177
)
File: pstricks.tex 2013/12/21 v2.49b `PSTricks' (tvz,hv)

("C:\Program Files\MiKTeX 2.9\tex\generic\pstricks\base\pst-fp.tex")
File: pst-fp.tex 2013/12/21 v2.49b `PST-fp' (hv)

("C:\Program Files\MiKTeX 2.9\tex\latex\xcolor\xcolor.sty"
Package: xcolor 2007/01/21 v2.11 LaTeX color extensions (UK)

("C:\Program Files\MiKTeX 2.9\tex\latex\00miktex\color.cfg"
File: color.cfg 2007/01/18 v1.5 color configuration of teTeX/TeXLive
)
Package xcolor Info: Driver file: pdftex.def on input line 225.
LaTeX Info: Redefining \color on input line 702.
Package xcolor Info: Model `cmy' substituted by `cmy0' on input line 1337.
Package xcolor Info: Model `RGB' extended on input line 1353.
Package xcolor Info: Model `HTML' substituted by `rgb' on input line 1355.
Package xcolor Info: Model `Hsb' substituted by `hsb' on input line 1356.
Package xcolor Info: Model `tHsb' substituted by `hsb' on input line 1357.
Package xcolor Info: Model `HSB' substituted by `hsb' on input line 1358.
Package xcolor Info: Model `Gray' substituted by `gray' on input line 1359.
Package xcolor Info: Model `wave' substituted by `hsb' on input line 1360.
))
Package: pst-solides3d 2009/07/25 package wrapper for pst-solides3d

("C:\Program Files\MiKTeX 2.9\tex\generic\pst-solides3d\pst-solides3d.tex"
("C:\Program Files\MiKTeX 2.9\tex\generic\pst-node\tex\pst-node.tex"
 v1.30, 2013/09/17
\psrow=\count151
\pscol=\count152
\psmatrixcnt=\count153
\psrowsep=\skip74
\pscolsep=\skip75
\pst@args=\count154
\num@pts=\count155
\pst@argcnt=\count156
)
("C:\Program Files\MiKTeX 2.9\tex\generic\multido\multido.tex"
 v1.42, 2010/05/14 <tvz>
\multido@count=\count157
\multidocount=\count158
\multido@stuff=\toks39
) `PSTSOLIDESIIID' v4.24, 2011/07/13
\test@mode=\count159
)
File: pst-solides3d.tex 2011/07/13 v4.24 `PST-solides3D'
)
("C:\Program Files\MiKTeX 2.9\tex\latex\titlesec\titletoc.sty"
Package: titletoc 2011/12/15 v1.6 TOC entries
\ttl@leftsep=\dimen178
))
(C:\Enseignements\GitHub\07_Etude_Systemes_Mecaniques_Analyser_Concevoir_Realis
er\Concevoir\01_BasesCommunicationTechnique\02_ElémentsFiletés\Cours_XP\FAST.
sty
Package: FAST 2012/03/09
 ("C:\Program Files\MiKTeX 2.9\tex\latex\pgf\frontendlayer\tikz.sty"
("C:\Program Files\MiKTeX 2.9\tex\latex\pgf\basiclayer\pgf.sty"
("C:\Program Files\MiKTeX 2.9\tex\latex\pgf\utilities\pgfrcs.sty"
("C:\Program Files\MiKTeX 2.9\tex\generic\pgf\utilities\pgfutil-common.tex"
\pgfutil@everybye=\toks40
)
("C:\Program Files\MiKTeX 2.9\tex\generic\pgf\utilities\pgfutil-latex.def"
\pgfutil@abb=\box65

("C:\Program Files\MiKTeX 2.9\tex\latex\ms\everyshi.sty"
Package: everyshi 2001/05/15 v3.00 EveryShipout Package (MS)
))
("C:\Program Files\MiKTeX 2.9\tex\generic\pgf\utilities\pgfrcs.code.tex"
Package: pgfrcs 2010/10/25 v2.10 (rcs-revision 1.24)
))
Package: pgf 2008/01/15 v2.10 (rcs-revision 1.12)

("C:\Program Files\MiKTeX 2.9\tex\latex\pgf\basiclayer\pgfcore.sty"
("C:\Program Files\MiKTeX 2.9\tex\latex\pgf\systemlayer\pgfsys.sty"
("C:\Program Files\MiKTeX 2.9\tex\generic\pgf\systemlayer\pgfsys.code.tex"
Package: pgfsys 2010/06/30 v2.10 (rcs-revision 1.37)

("C:\Program Files\MiKTeX 2.9\tex\generic\pgf\utilities\pgfkeys.code.tex")
\pgf@x=\dimen179
\pgf@y=\dimen180
\pgf@xa=\dimen181
\pgf@ya=\dimen182
\pgf@xb=\dimen183
\pgf@yb=\dimen184
\pgf@xc=\dimen185
\pgf@yc=\dimen186
\w@pgf@writea=\write4
\r@pgf@reada=\read1
\c@pgf@counta=\count160
\c@pgf@countb=\count161
\c@pgf@countc=\count162
\c@pgf@countd=\count163

("C:\Program Files\MiKTeX 2.9\tex\generic\pgf\systemlayer\pgf.cfg"
File: pgf.cfg 2008/05/14  (rcs-revision 1.7)
)
Package pgfsys Info: Driver file for pgf: pgfsys-pdftex.def on input line 900.

("C:\Program Files\MiKTeX 2.9\tex\generic\pgf\systemlayer\pgfsys-pdftex.def"
File: pgfsys-pdftex.def 2009/05/22  (rcs-revision 1.26)

("C:\Program Files\MiKTeX 2.9\tex\generic\pgf\systemlayer\pgfsys-common-pdf.def
"
File: pgfsys-common-pdf.def 2008/05/19  (rcs-revision 1.10)
)))
("C:\Program Files\MiKTeX 2.9\tex\generic\pgf\systemlayer\pgfsyssoftpath.code.t
ex"
File: pgfsyssoftpath.code.tex 2008/07/18  (rcs-revision 1.7)
\pgfsyssoftpath@smallbuffer@items=\count164
\pgfsyssoftpath@bigbuffer@items=\count165
)
("C:\Program Files\MiKTeX 2.9\tex\generic\pgf\systemlayer\pgfsysprotocol.code.t
ex"
File: pgfsysprotocol.code.tex 2006/10/16  (rcs-revision 1.4)
)) ("C:\Program Files\MiKTeX 2.9\tex\generic\pgf\basiclayer\pgfcore.code.tex"
Package: pgfcore 2010/04/11 v2.10 (rcs-revision 1.7)
 ("C:\Program Files\MiKTeX 2.9\tex\generic\pgf\math\pgfmath.code.tex"
("C:\Program Files\MiKTeX 2.9\tex\generic\pgf\math\pgfmathcalc.code.tex"
("C:\Program Files\MiKTeX 2.9\tex\generic\pgf\math\pgfmathutil.code.tex")
("C:\Program Files\MiKTeX 2.9\tex\generic\pgf\math\pgfmathparser.code.tex"
\pgfmath@dimen=\dimen187
\pgfmath@count=\count166
\pgfmath@box=\box66
\pgfmath@toks=\toks41
\pgfmath@stack@operand=\toks42
\pgfmath@stack@operation=\toks43
)
("C:\Program Files\MiKTeX 2.9\tex\generic\pgf\math\pgfmathfunctions.code.tex"
("C:\Program Files\MiKTeX 2.9\tex\generic\pgf\math\pgfmathfunctions.basic.code.
tex")
("C:\Program Files\MiKTeX 2.9\tex\generic\pgf\math\pgfmathfunctions.trigonometr
ic.code.tex")
("C:\Program Files\MiKTeX 2.9\tex\generic\pgf\math\pgfmathfunctions.random.code
.tex")
("C:\Program Files\MiKTeX 2.9\tex\generic\pgf\math\pgfmathfunctions.comparison.
code.tex")
("C:\Program Files\MiKTeX 2.9\tex\generic\pgf\math\pgfmathfunctions.base.code.t
ex")
("C:\Program Files\MiKTeX 2.9\tex\generic\pgf\math\pgfmathfunctions.round.code.
tex")
("C:\Program Files\MiKTeX 2.9\tex\generic\pgf\math\pgfmathfunctions.misc.code.t
ex"))) ("C:\Program Files\MiKTeX 2.9\tex\generic\pgf\math\pgfmathfloat.code.tex
"
\c@pgfmathroundto@lastzeros=\count167
))
("C:\Program Files\MiKTeX 2.9\tex\generic\pgf\basiclayer\pgfcorepoints.code.tex
"
File: pgfcorepoints.code.tex 2010/04/09  (rcs-revision 1.20)
\pgf@picminx=\dimen188
\pgf@picmaxx=\dimen189
\pgf@picminy=\dimen190
\pgf@picmaxy=\dimen191
\pgf@pathminx=\dimen192
\pgf@pathmaxx=\dimen193
\pgf@pathminy=\dimen194
\pgf@pathmaxy=\dimen195
\pgf@xx=\dimen196
\pgf@xy=\dimen197
\pgf@yx=\dimen198
\pgf@yy=\dimen199
\pgf@zx=\dimen200
\pgf@zy=\dimen201
)
("C:\Program Files\MiKTeX 2.9\tex\generic\pgf\basiclayer\pgfcorepathconstruct.c
ode.tex"
File: pgfcorepathconstruct.code.tex 2010/08/03  (rcs-revision 1.24)
\pgf@path@lastx=\dimen202
\pgf@path@lasty=\dimen203
)
("C:\Program Files\MiKTeX 2.9\tex\generic\pgf\basiclayer\pgfcorepathusage.code.
tex"
File: pgfcorepathusage.code.tex 2008/04/22  (rcs-revision 1.12)
\pgf@shorten@end@additional=\dimen204
\pgf@shorten@start@additional=\dimen205
)
("C:\Program Files\MiKTeX 2.9\tex\generic\pgf\basiclayer\pgfcorescopes.code.tex
"
File: pgfcorescopes.code.tex 2010/09/08  (rcs-revision 1.34)
\pgfpic=\box67
\pgf@hbox=\box68
\pgf@layerbox@main=\box69
\pgf@picture@serial@count=\count168
)
("C:\Program Files\MiKTeX 2.9\tex\generic\pgf\basiclayer\pgfcoregraphicstate.co
de.tex"
File: pgfcoregraphicstate.code.tex 2008/04/22  (rcs-revision 1.9)
\pgflinewidth=\dimen206
)
("C:\Program Files\MiKTeX 2.9\tex\generic\pgf\basiclayer\pgfcoretransformations
.code.tex"
File: pgfcoretransformations.code.tex 2009/06/10  (rcs-revision 1.11)
\pgf@pt@x=\dimen207
\pgf@pt@y=\dimen208
\pgf@pt@temp=\dimen209
)
("C:\Program Files\MiKTeX 2.9\tex\generic\pgf\basiclayer\pgfcorequick.code.tex"
File: pgfcorequick.code.tex 2008/10/09  (rcs-revision 1.3)
)
("C:\Program Files\MiKTeX 2.9\tex\generic\pgf\basiclayer\pgfcoreobjects.code.te
x"
File: pgfcoreobjects.code.tex 2006/10/11  (rcs-revision 1.2)
)
("C:\Program Files\MiKTeX 2.9\tex\generic\pgf\basiclayer\pgfcorepathprocessing.
code.tex"
File: pgfcorepathprocessing.code.tex 2008/10/09  (rcs-revision 1.8)
)
("C:\Program Files\MiKTeX 2.9\tex\generic\pgf\basiclayer\pgfcorearrows.code.tex
"
File: pgfcorearrows.code.tex 2008/04/23  (rcs-revision 1.11)
)
("C:\Program Files\MiKTeX 2.9\tex\generic\pgf\basiclayer\pgfcoreshade.code.tex"
File: pgfcoreshade.code.tex 2008/11/23  (rcs-revision 1.13)
\pgf@max=\dimen210
\pgf@sys@shading@range@num=\count169
) ("C:\Program Files\MiKTeX 2.9\tex\generic\pgf\basiclayer\pgfcoreimage.code.te
x"
File: pgfcoreimage.code.tex 2010/03/25  (rcs-revision 1.16)

("C:\Program Files\MiKTeX 2.9\tex\generic\pgf\basiclayer\pgfcoreexternal.code.t
ex"
File: pgfcoreexternal.code.tex 2010/09/01  (rcs-revision 1.17)
\pgfexternal@startupbox=\box70
))
("C:\Program Files\MiKTeX 2.9\tex\generic\pgf\basiclayer\pgfcorelayers.code.tex
"
File: pgfcorelayers.code.tex 2010/08/27  (rcs-revision 1.2)
)
("C:\Program Files\MiKTeX 2.9\tex\generic\pgf\basiclayer\pgfcoretransparency.co
de.tex"
File: pgfcoretransparency.code.tex 2008/01/17  (rcs-revision 1.2)
)
("C:\Program Files\MiKTeX 2.9\tex\generic\pgf\basiclayer\pgfcorepatterns.code.t
ex"
File: pgfcorepatterns.code.tex 2009/07/02  (rcs-revision 1.3)
)))
("C:\Program Files\MiKTeX 2.9\tex\generic\pgf\modules\pgfmoduleshapes.code.tex"
File: pgfmoduleshapes.code.tex 2010/09/09  (rcs-revision 1.13)
\pgfnodeparttextbox=\box71
) ("C:\Program Files\MiKTeX 2.9\tex\generic\pgf\modules\pgfmoduleplot.code.tex"
File: pgfmoduleplot.code.tex 2010/10/22  (rcs-revision 1.8)
)
("C:\Program Files\MiKTeX 2.9\tex\latex\pgf\compatibility\pgfcomp-version-0-65.
sty"
Package: pgfcomp-version-0-65 2007/07/03 v2.10 (rcs-revision 1.7)
\pgf@nodesepstart=\dimen211
\pgf@nodesepend=\dimen212
)
("C:\Program Files\MiKTeX 2.9\tex\latex\pgf\compatibility\pgfcomp-version-1-18.
sty"
Package: pgfcomp-version-1-18 2007/07/23 v2.10 (rcs-revision 1.1)
)) ("C:\Program Files\MiKTeX 2.9\tex\latex\pgf\utilities\pgffor.sty"
("C:\Program Files\MiKTeX 2.9\tex\latex\pgf\utilities\pgfkeys.sty"
("C:\Program Files\MiKTeX 2.9\tex\generic\pgf\utilities\pgfkeys.code.tex"))
("C:\Program Files\MiKTeX 2.9\tex\generic\pgf\utilities\pgffor.code.tex"
Package: pgffor 2010/03/23 v2.10 (rcs-revision 1.18)
\pgffor@iter=\dimen213
\pgffor@skip=\dimen214
\pgffor@stack=\toks44
\pgffor@toks=\toks45
))
("C:\Program Files\MiKTeX 2.9\tex\generic\pgf\frontendlayer\tikz\tikz.code.tex"
Package: tikz 2010/10/13 v2.10 (rcs-revision 1.76)

("C:\Program Files\MiKTeX 2.9\tex\generic\pgf\libraries\pgflibraryplothandlers.
code.tex"
File: pgflibraryplothandlers.code.tex 2010/05/31 v2.10 (rcs-revision 1.15)
\pgf@plot@mark@count=\count170
\pgfplotmarksize=\dimen215
)
\tikz@lastx=\dimen216
\tikz@lasty=\dimen217
\tikz@lastxsaved=\dimen218
\tikz@lastysaved=\dimen219
\tikzleveldistance=\dimen220
\tikzsiblingdistance=\dimen221
\tikz@figbox=\box72
\tikz@tempbox=\box73
\tikztreelevel=\count171
\tikznumberofchildren=\count172
\tikznumberofcurrentchild=\count173
\tikz@fig@count=\count174

("C:\Program Files\MiKTeX 2.9\tex\generic\pgf\modules\pgfmodulematrix.code.tex"
File: pgfmodulematrix.code.tex 2010/08/24  (rcs-revision 1.4)
\pgfmatrixcurrentrow=\count175
\pgfmatrixcurrentcolumn=\count176
\pgf@matrix@numberofcolumns=\count177
)
\tikz@expandcount=\count178

("C:\Program Files\MiKTeX 2.9\tex\generic\pgf\frontendlayer\tikz\libraries\tikz
librarytopaths.code.tex"
File: tikzlibrarytopaths.code.tex 2008/06/17 v2.10 (rcs-revision 1.2)
)))
("C:\Program Files\MiKTeX 2.9\tex\generic\pgf\frontendlayer\tikz\libraries\tikz
librarycalc.code.tex"
File: tikzlibrarycalc.code.tex 2009/09/04 v2.10 (rcs-revision 1.6)
)
("C:\Program Files\MiKTeX 2.9\tex\generic\pgf\frontendlayer\tikz\libraries\tikz
libraryfit.code.tex"
File: tikzlibraryfit.code.tex 2008/06/21 v2.10 (rcs-revision 1.3)
)
("C:\Program Files\MiKTeX 2.9\tex\generic\pgf\frontendlayer\tikz\libraries\tikz
libraryshapes.code.tex"
File: tikzlibraryshapes.code.tex 2008/01/09 v2.10 (rcs-revision 1.1)

("C:\Program Files\MiKTeX 2.9\tex\generic\pgf\frontendlayer\tikz\libraries\tikz
libraryshapes.geometric.code.tex"
File: tikzlibraryshapes.geometric.code.tex 2008/01/09 v2.10 (rcs-revision 1.1)

("C:\Program Files\MiKTeX 2.9\tex\generic\pgf\libraries\shapes\pgflibraryshapes
.geometric.code.tex"
File: pgflibraryshapes.geometric.code.tex 2008/06/26 v2.10 (rcs-revision 1.1)
))
("C:\Program Files\MiKTeX 2.9\tex\generic\pgf\frontendlayer\tikz\libraries\tikz
libraryshapes.misc.code.tex"
File: tikzlibraryshapes.misc.code.tex 2008/01/09 v2.10 (rcs-revision 1.1)

("C:\Program Files\MiKTeX 2.9\tex\generic\pgf\libraries\shapes\pgflibraryshapes
.misc.code.tex"
File: pgflibraryshapes.misc.code.tex 2008/10/07 v2.10 (rcs-revision 1.3)
))
("C:\Program Files\MiKTeX 2.9\tex\generic\pgf\frontendlayer\tikz\libraries\tikz
libraryshapes.symbols.code.tex"
File: tikzlibraryshapes.symbols.code.tex 2008/01/09 v2.10 (rcs-revision 1.1)

("C:\Program Files\MiKTeX 2.9\tex\generic\pgf\libraries\shapes\pgflibraryshapes
.symbols.code.tex"
File: pgflibraryshapes.symbols.code.tex 2009/10/27 v2.10 (rcs-revision 1.3)
))
("C:\Program Files\MiKTeX 2.9\tex\generic\pgf\frontendlayer\tikz\libraries\tikz
libraryshapes.arrows.code.tex"
File: tikzlibraryshapes.arrows.code.tex 2008/01/09 v2.10 (rcs-revision 1.1)

("C:\Program Files\MiKTeX 2.9\tex\generic\pgf\libraries\shapes\pgflibraryshapes
.arrows.code.tex"
File: pgflibraryshapes.arrows.code.tex 2008/06/26 v2.10 (rcs-revision 1.1)
))
("C:\Program Files\MiKTeX 2.9\tex\generic\pgf\frontendlayer\tikz\libraries\tikz
libraryshapes.callouts.code.tex"
("C:\Program Files\MiKTeX 2.9\tex\generic\pgf\libraries\shapes\pgflibraryshapes
.callouts.code.tex"))
("C:\Program Files\MiKTeX 2.9\tex\generic\pgf\frontendlayer\tikz\libraries\tikz
libraryshapes.multipart.code.tex"
File: tikzlibraryshapes.multipart.code.tex 2008/01/09 v2.10 (rcs-revision 1.1)

("C:\Program Files\MiKTeX 2.9\tex\generic\pgf\libraries\shapes\pgflibraryshapes
.multipart.code.tex"
File: pgflibraryshapes.multipart.code.tex 2010/01/07 v2.10 (rcs-revision 1.2)
\pgfnodepartlowerbox=\box74
\pgfnodeparttwobox=\box75
\pgfnodepartthreebox=\box76
\pgfnodepartfourbox=\box77
\pgfnodeparttwentybox=\box78
\pgfnodepartnineteenbox=\box79
\pgfnodeparteighteenbox=\box80
\pgfnodepartseventeenbox=\box81
\pgfnodepartsixteenbox=\box82
\pgfnodepartfifteenbox=\box83
\pgfnodepartfourteenbox=\box84
\pgfnodepartthirteenbox=\box85
\pgfnodeparttwelvebox=\box86
\pgfnodepartelevenbox=\box87
\pgfnodeparttenbox=\box88
\pgfnodepartninebox=\box89
\pgfnodeparteightbox=\box90
\pgfnodepartsevenbox=\box91
\pgfnodepartsixbox=\box92
\pgfnodepartfivebox=\box93
)))
("C:\Program Files\MiKTeX 2.9\tex\latex\ltxmisc\relsize.sty"
Package: relsize 2003/07/04 ver 3.1
)
\FASTInterligne=\skip76
\FASTEspaceColonne=\skip77
\FASTLargeurBoite=\skip78
\FASTDecalageTrait=\skip79
\FASTDecalageOuHorizontal=\skip80
\FASTDecalageOuVertical=\skip81
\FASTFSarrondi=\skip82
\FASTFTarrondi=\skip83
\FASTSTarrondi=\skip84
\FASTEpaisseurTraits=\skip85
\c@cptAbscisse=\count179
\c@cptAbscisseParent=\count180
\posX=\skip86
)
("C:\Program Files\MiKTeX 2.9\tex\latex\hyperref\hyperref.sty"
Package: hyperref 2012/11/06 v6.83m Hypertext links for LaTeX

("C:\Program Files\MiKTeX 2.9\tex\generic\oberdiek\hobsub-hyperref.sty"
Package: hobsub-hyperref 2012/04/25 v1.12 Bundle oberdiek, subset hyperref (HO)


("C:\Program Files\MiKTeX 2.9\tex\generic\oberdiek\hobsub-generic.sty"
Package: hobsub-generic 2012/04/25 v1.12 Bundle oberdiek, subset generic (HO)
Package: hobsub 2012/04/25 v1.12 Construct package bundles (HO)
Package hobsub Info: Skipping package `infwarerr' (already loaded).
Package hobsub Info: Skipping package `ltxcmds' (already loaded).
Package: ifluatex 2010/03/01 v1.3 Provides the ifluatex switch (HO)
Package ifluatex Info: LuaTeX not detected.
Package: ifvtex 2010/03/01 v1.5 Detect VTeX and its facilities (HO)
Package ifvtex Info: VTeX not detected.
Package: intcalc 2007/09/27 v1.1 Expandable calculations with integers (HO)
Package hobsub Info: Skipping package `ifpdf' (already loaded).
Package: etexcmds 2011/02/16 v1.5 Avoid name clashes with e-TeX commands (HO)
Package etexcmds Info: Could not find \expanded.
(etexcmds)             That can mean that you are not using pdfTeX 1.50 or
(etexcmds)             that some package has redefined \expanded.
(etexcmds)             In the latter case, load this package earlier.
Package: kvsetkeys 2012/04/25 v1.16 Key value parser (HO)
Package: kvdefinekeys 2011/04/07 v1.3 Define keys (HO)
Package: pdftexcmds 2011/11/29 v0.20 Utility functions of pdfTeX for LuaTeX (HO
)
Package pdftexcmds Info: LuaTeX not detected.
Package pdftexcmds Info: \pdf@primitive is available.
Package pdftexcmds Info: \pdf@ifprimitive is available.
Package pdftexcmds Info: \pdfdraftmode found.
Package: pdfescape 2011/11/25 v1.13 Implements pdfTeX's escape features (HO)
Package: bigintcalc 2012/04/08 v1.3 Expandable calculations on big integers (HO
)
Package: bitset 2011/01/30 v1.1 Handle bit-vector datatype (HO)
Package: uniquecounter 2011/01/30 v1.2 Provide unlimited unique counter (HO)
)
Package hobsub Info: Skipping package `hobsub' (already loaded).
Package: letltxmacro 2010/09/02 v1.4 Let assignment for LaTeX macros (HO)
Package: hopatch 2011/06/24 v1.1 Wrapper for package hooks (HO)
Package: xcolor-patch 2011/01/30 xcolor patch
Package: atveryend 2011/06/30 v1.8 Hooks at the very end of document (HO)
Package atveryend Info: \enddocument detected (standard20110627).
Package: atbegshi 2011/10/05 v1.16 At begin shipout hook (HO)
Package: refcount 2011/10/16 v3.4 Data extraction from label references (HO)
Package: hycolor 2011/01/30 v1.7 Color options for hyperref/bookmark (HO)
)
("C:\Program Files\MiKTeX 2.9\tex\generic\ifxetex\ifxetex.sty"
Package: ifxetex 2010/09/12 v0.6 Provides ifxetex conditional
)
("C:\Program Files\MiKTeX 2.9\tex\latex\oberdiek\auxhook.sty"
Package: auxhook 2011/03/04 v1.3 Hooks for auxiliary files (HO)
)
("C:\Program Files\MiKTeX 2.9\tex\latex\oberdiek\kvoptions.sty"
Package: kvoptions 2011/06/30 v3.11 Key value format for package options (HO)
)
\@linkdim=\dimen222
\Hy@linkcounter=\count181
\Hy@pagecounter=\count182

("C:\Program Files\MiKTeX 2.9\tex\latex\hyperref\pd1enc.def"
File: pd1enc.def 2012/11/06 v6.83m Hyperref: PDFDocEncoding definition (HO)
Now handling font encoding PD1 ...
... no UTF-8 mapping file for font encoding PD1
)
\Hy@SavedSpaceFactor=\count183

("C:\Program Files\MiKTeX 2.9\tex\latex\00miktex\hyperref.cfg"
File: hyperref.cfg 2002/06/06 v1.2 hyperref configuration of TeXLive
)
Package hyperref Info: Option `colorlinks' set `true' on input line 4319.
Package hyperref Info: Hyper figures OFF on input line 4443.
Package hyperref Info: Link nesting OFF on input line 4448.
Package hyperref Info: Hyper index ON on input line 4451.
Package hyperref Info: Plain pages OFF on input line 4458.
Package hyperref Info: Backreferencing OFF on input line 4463.
Package hyperref Info: Implicit mode ON; LaTeX internals redefined.
Package hyperref Info: Bookmarks ON on input line 4688.
\c@Hy@tempcnt=\count184

("C:\Program Files\MiKTeX 2.9\tex\latex\url\url.sty"
\Urlmuskip=\muskip11
Package: url 2013/09/16  ver 3.4  Verb mode for urls, etc.
)
LaTeX Info: Redefining \url on input line 5041.
\XeTeXLinkMargin=\dimen223
\Fld@menulength=\count185
\Field@Width=\dimen224
\Fld@charsize=\dimen225
Package hyperref Info: Hyper figures OFF on input line 6295.
Package hyperref Info: Link nesting OFF on input line 6300.
Package hyperref Info: Hyper index ON on input line 6303.
Package hyperref Info: backreferencing OFF on input line 6310.
Package hyperref Info: Link coloring ON on input line 6313.
Package hyperref Info: Link coloring with OCG OFF on input line 6320.
Package hyperref Info: PDF/A mode OFF on input line 6325.
LaTeX Info: Redefining \ref on input line 6365.
LaTeX Info: Redefining \pageref on input line 6369.
\Hy@abspage=\count186
\c@Item=\count187
\c@Hfootnote=\count188
)

Package hyperref Message: Driver (autodetected): hpdftex.

("C:\Program Files\MiKTeX 2.9\tex\latex\hyperref\hpdftex.def"
File: hpdftex.def 2012/11/06 v6.83m Hyperref driver for pdfTeX
\Fld@listcount=\count189
\c@bookmark@seq@number=\count190

("C:\Program Files\MiKTeX 2.9\tex\latex\oberdiek\rerunfilecheck.sty"
Package: rerunfilecheck 2011/04/15 v1.7 Rerun checks for auxiliary files (HO)
Package uniquecounter Info: New unique counter `rerunfilecheck' on input line 2
82.
)
\Hy@SectionHShift=\skip87
)
("C:\Program Files\MiKTeX 2.9\tex\latex\schemabloc\schemabloc.sty"
Package: schemabloc 2006/12/29

("C:\Program Files\MiKTeX 2.9\tex\generic\pgf\frontendlayer\tikz\libraries\tikz
libraryarrows.code.tex"
File: tikzlibraryarrows.code.tex 2008/01/09 v2.10 (rcs-revision 1.1)

("C:\Program Files\MiKTeX 2.9\tex\generic\pgf\libraries\pgflibraryarrows.code.t
ex"
File: pgflibraryarrows.code.tex 2008/10/27 v2.10 (rcs-revision 1.9)
\arrowsize=\dimen226
)))
\c@theorem=\count191

(C:\Enseignements\GitHub\07_Etude_Systemes_Mecaniques_Analyser_Concevoir_Realis
er\Concevoir\01_BasesCommunicationTechnique\02_ElémentsFiletés\Cours_XP\07_CP
T_01_ElementsFiletes_Cours.aux

LaTeX Warning: Label `pf' multiply defined.

)
LaTeX Font Info:    Checking defaults for OML/cmm/m/it on input line 30.
LaTeX Font Info:    ... okay on input line 30.
LaTeX Font Info:    Checking defaults for T1/cmr/m/n on input line 30.
LaTeX Font Info:    ... okay on input line 30.
LaTeX Font Info:    Checking defaults for OT1/cmr/m/n on input line 30.
LaTeX Font Info:    ... okay on input line 30.
LaTeX Font Info:    Checking defaults for OMS/cmsy/m/n on input line 30.
LaTeX Font Info:    ... okay on input line 30.
LaTeX Font Info:    Checking defaults for OMX/cmex/m/n on input line 30.
LaTeX Font Info:    ... okay on input line 30.
LaTeX Font Info:    Checking defaults for U/cmr/m/n on input line 30.
LaTeX Font Info:    ... okay on input line 30.
LaTeX Font Info:    Checking defaults for MDA/cmr/m/n on input line 30.
LaTeX Font Info:    Try loading font information for MDA+cmr on input line 30.
 ("C:\Program Files\MiKTeX 2.9\tex\latex\mathdesign\mdacmr.fd"
File: mdacmr.fd 
)
LaTeX Font Info:    ... okay on input line 30.
LaTeX Font Info:    Checking defaults for MDB/cmr/m/n on input line 30.
LaTeX Font Info:    Try loading font information for MDB+cmr on input line 30.

("C:\Program Files\MiKTeX 2.9\tex\latex\mathdesign\mdbcmr.fd"
File: mdbcmr.fd 
)
LaTeX Font Info:    ... okay on input line 30.
LaTeX Font Info:    Checking defaults for PD1/pdf/m/n on input line 30.
LaTeX Font Info:    ... okay on input line 30.
LaTeX Info: Redefining \degres on input line 30.
LaTeX Info: Redefining \dots on input line 30.
LaTeX Info: Redefining \up on input line 30.
Package caption Info: Begin \AtBeginDocument code.
Package caption Info: subfig package v1.3 is loaded.
Package caption Info: hyperref package is loaded.
Package caption Info: End \AtBeginDocument code.

("C:\Program Files\MiKTeX 2.9\tex\context\base\supp-pdf.mkii"
[Loading MPS to PDF converter (version 2006.09.02).]
\scratchcounter=\count192
\scratchdimen=\dimen227
\scratchbox=\box94
\nofMPsegments=\count193
\nofMParguments=\count194
\everyMPshowfont=\toks46
\MPscratchCnt=\count195
\MPscratchDim=\dimen228
\MPnumerator=\count196
\makeMPintoPDFobject=\count197
\everyMPtoPDFconversion=\toks47
) ABD: EveryShipout initializing macros
\AtBeginShipoutBox=\box95
Package hyperref Info: Link coloring ON on input line 30.

("C:\Program Files\MiKTeX 2.9\tex\latex\hyperref\nameref.sty"
Package: nameref 2012/10/27 v2.43 Cross-referencing by name of section

("C:\Program Files\MiKTeX 2.9\tex\generic\oberdiek\gettitlestring.sty"
Package: gettitlestring 2010/12/03 v1.4 Cleanup title references (HO)
)
\c@section@level=\count198
)
LaTeX Info: Redefining \ref on input line 30.
LaTeX Info: Redefining \pageref on input line 30.
LaTeX Info: Redefining \nameref on input line 30.

(C:\Enseignements\GitHub\07_Etude_Systemes_Mecaniques_Analyser_Concevoir_Realis
er\Concevoir\01_BasesCommunicationTechnique\02_ElémentsFiletés\Cours_XP\07_CP
T_01_ElementsFiletes_Cours.out)
(C:\Enseignements\GitHub\07_Etude_Systemes_Mecaniques_Analyser_Concevoir_Realis
er\Concevoir\01_BasesCommunicationTechnique\02_ElémentsFiletés\Cours_XP\07_CP
T_01_ElementsFiletes_Cours.out)
\@outlinefile=\write5
LaTeX Font Info:    Font shape `T1/mdput/m/n' will be
(Font)              scaled to size 19.49565pt on input line 70.
LaTeX Font Info:    Font shape `T1/mdput/m/fsc' will be
(Font)              scaled to size 19.49565pt on input line 70.
LaTeX Font Info:    Font shape `T1/mdput/m/n' will be
(Font)              scaled to size 16.24324pt on input line 74.
LaTeX Font Info:    Font shape `T1/mdput/m/fsc' will be
(Font)              scaled to size 16.24324pt on input line 74.
LaTeX Font Info:    Try loading font information for OT1+mdput on input line 80
.

("C:\Program Files\MiKTeX 2.9\tex\latex\mathdesign\mdput\ot1mdput.fd"
File: ot1mdput.fd 2013/08/29 Fontinst v1.933 font definitions for OT1/mdput.
)
LaTeX Font Info:    Font shape `OT1/mdput/m/n' will be
(Font)              scaled to size 10.29301pt on input line 80.
LaTeX Font Info:    Font shape `OT1/mdput/m/n' will be
(Font)              scaled to size 7.52002pt on input line 80.
LaTeX Font Info:    Font shape `OT1/mdput/m/n' will be
(Font)              scaled to size 5.64001pt on input line 80.
LaTeX Font Info:    Try loading font information for OML+mdput on input line 80
.

("C:\Program Files\MiKTeX 2.9\tex\latex\mathdesign\mdput\omlmdput.fd"
File: omlmdput.fd 2013/08/29 Fontinst v1.933 font definitions for OML/mdput.
)
LaTeX Font Info:    Font shape `OML/mdput/m/it' will be
(Font)              scaled to size 10.29301pt on input line 80.
LaTeX Font Info:    Font shape `OML/mdput/m/it' will be
(Font)              scaled to size 7.52002pt on input line 80.
LaTeX Font Info:    Font shape `OML/mdput/m/it' will be
(Font)              scaled to size 5.64001pt on input line 80.
LaTeX Font Info:    Try loading font information for OMS+mdput on input line 80
.

("C:\Program Files\MiKTeX 2.9\tex\latex\mathdesign\mdput\omsmdput.fd"
File: omsmdput.fd 2013/08/29 Fontinst v1.933 font definitions for OMS/mdput.
)
LaTeX Font Info:    Font shape `OMS/mdput/m/n' will be
(Font)              scaled to size 10.29301pt on input line 80.
LaTeX Font Info:    Font shape `OMS/mdput/m/n' will be
(Font)              scaled to size 7.52002pt on input line 80.
LaTeX Font Info:    Font shape `OMS/mdput/m/n' will be
(Font)              scaled to size 5.64001pt on input line 80.
LaTeX Font Info:    Try loading font information for OMX+mdput on input line 80
.

("C:\Program Files\MiKTeX 2.9\tex\latex\mathdesign\mdput\omxmdput.fd"
File: omxmdput.fd 2013/08/29 Fontinst v1.933 font definitions for OMX/mdput.
)
LaTeX Font Info:    Font shape `OMX/mdput/m/n' will be
(Font)              scaled to size 10.29301pt on input line 80.
LaTeX Font Info:    Font shape `OMX/mdput/m/n' will be
(Font)              scaled to size 7.52002pt on input line 80.
LaTeX Font Info:    Font shape `OMX/mdput/m/n' will be
(Font)              scaled to size 5.64001pt on input line 80.
LaTeX Font Info:    Font shape `OML/mdput/m/n' will be
(Font)              scaled to size 10.29301pt on input line 80.
LaTeX Font Info:    Font shape `OML/mdput/m/n' will be
(Font)              scaled to size 7.52002pt on input line 80.
LaTeX Font Info:    Font shape `OML/mdput/m/n' will be
(Font)              scaled to size 5.64001pt on input line 80.
LaTeX Font Info:    Try loading font information for MDA+mdput on input line 80
.

("C:\Program Files\MiKTeX 2.9\tex\latex\mathdesign\mdput\mdamdput.fd"
File: mdamdput.fd 2013/08/29 Fontinst v1.933 font definitions for MDA/mdput.
)
LaTeX Font Info:    Font shape `MDA/mdput/m/n' will be
(Font)              scaled to size 10.29301pt on input line 80.
LaTeX Font Info:    Font shape `MDA/mdput/m/n' will be
(Font)              scaled to size 7.52002pt on input line 80.
LaTeX Font Info:    Font shape `MDA/mdput/m/n' will be
(Font)              scaled to size 5.64001pt on input line 80.
LaTeX Font Info:    Try loading font information for MDB+mdput on input line 80
.

("C:\Program Files\MiKTeX 2.9\tex\latex\mathdesign\mdput\mdbmdput.fd"
File: mdbmdput.fd 2013/08/29 Fontinst v1.933 font definitions for MDB/mdput.
)
LaTeX Font Info:    Font shape `MDB/mdput/m/n' will be
(Font)              scaled to size 10.29301pt on input line 80.
LaTeX Font Info:    Font shape `MDB/mdput/m/n' will be
(Font)              scaled to size 7.52002pt on input line 80.
LaTeX Font Info:    Font shape `MDB/mdput/m/n' will be
(Font)              scaled to size 5.64001pt on input line 80.
LaTeX Font Info:    Font shape `T1/mdput/m/it' will be
(Font)              scaled to size 10.29301pt on input line 98.
LaTeX Font Info:    Font shape `T1/cmss/m/it' will be
(Font)              scaled to size 11.34415pt on input line 98.


Package xcolor Warning: Incompatible color definition on input line 98.


Package xcolor Warning: Incompatible color definition on input line 98.

LaTeX Font Info:    Font shape `T1/mdput/m/fsc' will be
(Font)              scaled to size 10.29301pt on input line 98.

Package xcolor Warning: Incompatible color definition on input line 102.


Package xcolor Warning: Incompatible color definition on input line 102.


Package xcolor Warning: Incompatible color definition on input line 102.


Package xcolor Warning: Incompatible color definition on input line 102.


Package xcolor Warning: Incompatible color definition on input line 105.


Package xcolor Warning: Incompatible color definition on input line 105.


Package xcolor Warning: Incompatible color definition on input line 109.


Package xcolor Warning: Incompatible color definition on input line 109.


Package xcolor Warning: Incompatible color definition on input line 109.


Package xcolor Warning: Incompatible color definition on input line 109.

LaTeX Font Info:    Font shape `T1/mdput/m/n' will be
(Font)              scaled to size 13.53603pt on input line 117.
LaTeX Font Info:    Font shape `T1/cmss/m/n' will be
(Font)              scaled to size 14.91832pt on input line 117.
LaTeX Font Info:    Font shape `T1/cmss/b/n' in size <14.4> not available
(Font)              Font shape `T1/cmss/bx/n' tried instead on input line 117.
LaTeX Font Info:    Font shape `T1/cmss/bx/n' will be
(Font)              scaled to size 14.91832pt on input line 117.

(C:\Enseignements\GitHub\07_Etude_Systemes_Mecaniques_Analyser_Concevoir_Realis
er\Concevoir\01_BasesCommunicationTechnique\02_ElémentsFiletés\Cours_XP\07_CP
T_01_ElementsFiletes_Cours.toc
LaTeX Font Info:    Font shape `T1/cmss/m/n' will be
(Font)              scaled to size 11.34415pt on input line 2.
)
\tf@toc=\write6

<png/logo_ptsi.png, id=108, 384.43625pt x 190.7125pt>
File: png/logo_ptsi.png Graphic file (type png)
 <use png/logo_ptsi.png>
Package pdftex.def Info: png/logo_ptsi.png used on input line 130.
(pdftex.def)             Requested size: 56.9055pt x 28.22733pt.
LaTeX Font Info:    Font shape `T1/mdput/m/n' will be
(Font)              scaled to size 8.46002pt on input line 130.
LaTeX Font Info:    Font shape `T1/mdput/m/it' will be
(Font)              scaled to size 8.46002pt on input line 130.
LaTeX Font Info:    Font shape `T1/cmss/m/it' will be
(Font)              scaled to size 9.32396pt on input line 130.
LaTeX Font Info:    Font shape `T1/mdput/m/fsc' will be
(Font)              scaled to size 8.46002pt on input line 130.
LaTeX Font Info:    Font shape `T1/mdput/b/n' will be
(Font)              scaled to size 8.46002pt on input line 130.

[1
Non-PDF special ignored!
Non-PDF special ignored!
Non-PDF special ignored!
Non-PDF special ignored!
Non-PDF special ignored!
Non-PDF special ignored!
Non-PDF special ignored!{C:/ProgramData/MiKTeX/2.9/pdftex/config/pdftex.map}


Non-PDF special ignored!
Non-PDF special ignored!
Non-PDF special ignored!
Non-PDF special ignored! <C:/Enseignements/GitHub/07_Etude_Systemes_Mecaniques_
Analyser_Concevoir_Realiser/Concevoir/01_BasesCommunicationTechnique/02_Elémen
tsFiletés/Cours_XP/png/logo_ptsi.png>]

Package xcolor Warning: Incompatible color definition on input line 130.

LaTeX Font Info:    Font shape `T1/mdput/b/n' will be
(Font)              scaled to size 10.29301pt on input line 131.
LaTeX Font Info:    Font shape `T1/mdput/m/n' will be
(Font)              scaled to size 11.28003pt on input line 133.
LaTeX Font Info:    Font shape `T1/cmss/m/n' will be
(Font)              scaled to size 12.43195pt on input line 133.
LaTeX Font Info:    Font shape `T1/cmss/b/n' in size <12> not available
(Font)              Font shape `T1/cmss/bx/n' tried instead on input line 133.
LaTeX Font Info:    Font shape `T1/cmss/bx/n' will be
(Font)              scaled to size 12.43195pt on input line 133.

Package xcolor Warning: Incompatible color definition on input line 133.


Package xcolor Warning: Incompatible color definition on input line 134.

<png/taraudage_debouchant_e.png, id=122, 233.673pt x 216.81pt>
File: png/taraudage_debouchant_e.png Graphic file (type png)

<use png/taraudage_debouchant_e.png>
Package pdftex.def Info: png/taraudage_debouchant_e.png used on input line 137.

(pdftex.def)             Requested size: 316.21292pt x 293.41199pt.


Package xcolor Warning: Incompatible color definition on input line 140.

<png/taraudage_borgne_e.png, id=123, 281.853pt x 264.99pt>
File: png/taraudage_borgne_e.png Graphic file (type png)

<use png/taraudage_borgne_e.png>
Package pdftex.def Info: png/taraudage_borgne_e.png used on input line 143.
(pdftex.def)             Requested size: 316.21292pt x 297.30028pt.
File: png/logo_ptsi.png Graphic file (type png)
 <use png/logo_ptsi.png>
Package pdftex.def Info: png/logo_ptsi.png used on input line 144.
(pdftex.def)             Requested size: 56.9055pt x 28.22733pt.
 [2 <C:/Enseignements/GitHub/07_Etude_Systemes_Mecaniques_Analyser_Concevoir_Re
aliser/Concevoir/01_BasesCommunicationTechnique/02_ElémentsFiletés/Cours_XP/p
ng/taraudage_debouchant_e.png>]

Package xcolor Warning: Incompatible color definition on input line 146.


Package xcolor Warning: Incompatible color definition on input line 148.


Package xcolor Warning: Incompatible color definition on input line 148.


Package xcolor Warning: Incompatible color definition on input line 151.


Package xcolor Warning: Incompatible color definition on input line 151.


Package xcolor Warning: Incompatible color definition on input line 151.


Package xcolor Warning: Incompatible color definition on input line 151.

<png/vis_rep.png, id=133, 132.495pt x 29.8716pt>
File: png/vis_rep.png Graphic file (type png)
 <use png/vis_rep.png>
Package pdftex.def Info: png/vis_rep.png used on input line 154.
(pdftex.def)             Requested size: 263.50809pt x 59.42029pt.


Package xcolor Warning: Incompatible color definition on input line 157.

<png/tige_trou.png, id=134, 405.4347pt x 155.3805pt>
File: png/tige_trou.png Graphic file (type png)
 <use png/tige_trou.png>
Package pdftex.def Info: png/tige_trou.png used on input line 159.
(pdftex.def)             Requested size: 421.61455pt x 161.59187pt.
File: png/logo_ptsi.png Graphic file (type png)

<use png/logo_ptsi.png>
Package pdftex.def Info: png/logo_ptsi.png used on input line 160.
(pdftex.def)             Requested size: 56.9055pt x 28.22733pt.
 [3 <C:/Enseignements/GitHub/07_Etude_Systemes_Mecaniques_Analyser_Concevoir_Re
aliser/Concevoir/01_BasesCommunicationTechnique/02_ElémentsFiletés/Cours_XP/p
ng/taraudage_borgne_e.png> <C:/Enseignements/GitHub/07_Etude_Systemes_Mecanique
s_Analyser_Concevoir_Realiser/Concevoir/01_BasesCommunicationTechnique/02_Elém
entsFiletés/Cours_XP/png/vis_rep.png>]

Package xcolor Warning: Incompatible color definition on input line 162.

<png/serrage_vis.png, id=143, 269.3262pt x 176.0979pt>
File: png/serrage_vis.png Graphic file (type png)

<use png/serrage_vis.png>
Package pdftex.def Info: png/serrage_vis.png used on input line 164.
(pdftex.def)             Requested size: 263.50809pt x 172.30069pt.


Package xcolor Warning: Incompatible color definition on input line 168.


Package xcolor Warning: Incompatible color definition on input line 191.

File: png/logo_ptsi.png Graphic file (type png)
<use png/logo_ptsi.png>
Package pdftex.def Info: png/logo_ptsi.png used on input line 194.
(pdftex.def)             Requested size: 56.9055pt x 28.22733pt.
 [4 <C:/Enseignements/GitHub/07_Etude_Systemes_Mecaniques_Analyser_Concevoir_Re
aliser/Concevoir/01_BasesCommunicationTechnique/02_ElémentsFiletés/Cours_XP/p
ng/tige_trou.png> <C:/Enseignements/GitHub/07_Etude_Systemes_Mecaniques_Analyse
r_Concevoir_Realiser/Concevoir/01_BasesCommunicationTechnique/02_ElémentsFilet
és/Cours_XP/png/serrage_vis.png>]
Underfull \hbox (badness 10000) in paragraph at lines 198--198
[]|\T1/mdput/b/n/10.95 Forme sous
 []

<png/vis_1.png, id=154, 326.21875pt x 60.225pt>
File: png/vis_1.png Graphic file (type png)
 <use png/vis_1.png>
Package pdftex.def Info: png/vis_1.png used on input line 201.
(pdftex.def)             Requested size: 184.9429pt x 34.1448pt.

<png/vis_2.png, id=155, 326.21875pt x 49.18375pt>
File: png/vis_2.png Graphic file (type png)
 <use png/vis_2.png>
Package pdftex.def Info: png/vis_2.png used on input line 203.
(pdftex.def)             Requested size: 184.9429pt x 27.88492pt.

<png/vis_3.png, id=156, 326.21875pt x 53.19875pt>
File: png/vis_3.png Graphic file (type png)
 <use png/vis_3.png>
Package pdftex.def Info: png/vis_3.png used on input line 205.
(pdftex.def)             Requested size: 184.9429pt x 30.16124pt.

<png/vis_4.png, id=157, 326.21875pt x 55.20625pt>
File: png/vis_4.png Graphic file (type png)
 <use png/vis_4.png>
Package pdftex.def Info: png/vis_4.png used on input line 207.
(pdftex.def)             Requested size: 184.9429pt x 31.2994pt.

<png/vis_5.png, id=158, 326.21875pt x 54.2025pt>
File: png/vis_5.png Graphic file (type png)
 <use png/vis_5.png>
Package pdftex.def Info: png/vis_5.png used on input line 209.
(pdftex.def)             Requested size: 184.9429pt x 30.73032pt.

<png/vis_6.png, id=159, 326.21875pt x 60.225pt>
File: png/vis_6.png Graphic file (type png)
 <use png/vis_6.png>
Package pdftex.def Info: png/vis_6.png used on input line 211.
(pdftex.def)             Requested size: 184.9429pt x 34.1448pt.

Underfull \hbox (badness 10000) in paragraph at lines 211--211
[]|\T1/mdput/b/n/10.95 HC \T1/mdput/m/n/10.95 --
 []


Underfull \hbox (badness 10000) in paragraph at lines 211--211
\T1/mdput/m/n/10.95 hexa-go-nal
 []

<png/vis_7.png, id=160, 326.21875pt x 52.195pt>
File: png/vis_7.png Graphic file (type png)
 <use png/vis_7.png>
Package pdftex.def Info: png/vis_7.png used on input line 213.
(pdftex.def)             Requested size: 184.9429pt x 29.59216pt.

Underfull \hbox (badness 10000) in paragraph at lines 213--213
[]|\T1/mdput/b/n/10.95 H \T1/mdput/m/n/10.95 --
 []


Overfull \hbox (5.46541pt too wide) in paragraph at lines 196--216
 [] 
 []


Package xcolor Warning: Incompatible color definition on input line 221.

<png/ecrous.png, id=161, 1072.005pt x 334.24875pt>
File: png/ecrous.png Graphic file (type png)
 <use png/ecrous.png>
Package pdftex.def Info: png/ecrous.png used on input line 223.
(pdftex.def)             Requested size: 421.61455pt x 131.45813pt.

<png/ecrous_p.png, id=162, 1051.93pt x 503.8825pt>
File: png/ecrous_p.png Graphic file (type png)
 <use png/ecrous_p.png>
Package pdftex.def Info: png/ecrous_p.png used on input line 235.
(pdftex.def)             Requested size: 368.90971pt x 176.7075pt.
File: png/logo_ptsi.png Graphic file (type png)

<use png/logo_ptsi.png>
Package pdftex.def Info: png/logo_ptsi.png used on input line 236.
(pdftex.def)             Requested size: 56.9055pt x 28.22733pt.
 [5 <C:/Enseignements/GitHub/07_Etude_Systemes_Mecaniques_Analyser_Concevoir_Re
aliser/Concevoir/01_BasesCommunicationTechnique/02_ElémentsFiletés/Cours_XP/p
ng/vis_1.png> <C:/Enseignements/GitHub/07_Etude_Systemes_Mecaniques_Analyser_Co
ncevoir_Realiser/Concevoir/01_BasesCommunicationTechnique/02_ElémentsFiletés/
Cours_XP/png/vis_2.png> <C:/Enseignements/GitHub/07_Etude_Systemes_Mecaniques_A
nalyser_Concevoir_Realiser/Concevoir/01_BasesCommunicationTechnique/02_Elément
sFiletés/Cours_XP/png/vis_3.png> <C:/Enseignements/GitHub/07_Etude_Systemes_Me
caniques_Analyser_Concevoir_Realiser/Concevoir/01_BasesCommunicationTechnique/0
2_ElémentsFiletés/Cours_XP/png/vis_4.png> <C:/Enseignements/GitHub/07_Etude_S
ystemes_Mecaniques_Analyser_Concevoir_Realiser/Concevoir/01_BasesCommunicationT
echnique/02_ElémentsFiletés/Cours_XP/png/vis_5.png> <C:/Enseignements/GitHub/
07_Etude_Systemes_Mecaniques_Analyser_Concevoir_Realiser/Concevoir/01_BasesComm
unicationTechnique/02_ElémentsFiletés/Cours_XP/png/vis_6.png> <C:/Enseignemen
ts/GitHub/07_Etude_Systemes_Mecaniques_Analyser_Concevoir_Realiser/Concevoir/01
_BasesCommunicationTechnique/02_ElémentsFiletés/Cours_XP/png/vis_7.png> <C:/E
nseignements/GitHub/07_Etude_Systemes_Mecaniques_Analyser_Concevoir_Realiser/Co
ncevoir/01_BasesCommunicationTechnique/02_ElémentsFiletés/Cours_XP/png/ecrous
.png>]

Package xcolor Warning: Incompatible color definition on input line 241.


Package xcolor Warning: Incompatible color definition on input line 243.


Package xcolor Warning: Incompatible color definition on input line 243.

<png/boulon.png, id=174, 118.4425pt x 156.585pt>
File: png/boulon.png Graphic file (type png)
 <use png/boulon.png>
Package pdftex.def Info: png/boulon.png used on input line 248.
(pdftex.def)             Requested size: 98.46693pt x 130.18054pt.


Package xcolor Warning: Incompatible color definition on input line 251.


Package xcolor Warning: Incompatible color definition on input line 251.


Package xcolor Warning: Incompatible color definition on input line 251.


Package xcolor Warning: Incompatible color definition on input line 251.


Package xcolor Warning: Incompatible color definition on input line 252.

<png/goujon.png, id=175, 1052.93375pt x 329.23pt>
File: png/goujon.png Graphic file (type png)
 <use png/goujon.png>
Package pdftex.def Info: png/goujon.png used on input line 260.
(pdftex.def)             Requested size: 421.61455pt x 131.83032pt.
File: png/logo_ptsi.png Graphic file (type png)

<use png/logo_ptsi.png>
Package pdftex.def Info: png/logo_ptsi.png used on input line 267.
(pdftex.def)             Requested size: 56.9055pt x 28.22733pt.
 [6 <C:/Enseignements/GitHub/07_Etude_Systemes_Mecaniques_Analyser_Concevoir_Re
aliser/Concevoir/01_BasesCommunicationTechnique/02_ElémentsFiletés/Cours_XP/p
ng/ecrous_p.png> <C:/Enseignements/GitHub/07_Etude_Systemes_Mecaniques_Analyser
_Concevoir_Realiser/Concevoir/01_BasesCommunicationTechnique/02_ElémentsFilet
s/Cours_XP/png/boulon.png> <C:/Enseignements/GitHub/07_Etude_Systemes_Mecaniqu
es_Analyser_Concevoir_Realiser/Concevoir/01_BasesCommunicationTechnique/02_Elé
mentsFiletés/Cours_XP/png/goujon.png>]

Package xcolor Warning: Incompatible color definition on input line 276.

LaTeX Font Info:    Font shape `T1/cmss/b/n' in size <10.95> not available
(Font)              Font shape `T1/cmss/bx/n' tried instead on input line 277.
LaTeX Font Info:    Font shape `T1/cmss/bx/n' will be
(Font)              scaled to size 11.34415pt on input line 277.
<png/taraudage_lisse.png, id=181, 213.9192pt x 162.1257pt>
File: png/taraudage_lisse.png Graphic file (type png)

<use png/taraudage_lisse.png>
Package pdftex.def Info: png/taraudage_lisse.png used on input line 309.
(pdftex.def)             Requested size: 126.48564pt x 95.86113pt.

<png/taraudage_epaul.png, id=182, 201.6333pt x 162.1257pt>
File: png/taraudage_epaul.png Graphic file (type png)

<use png/taraudage_epaul.png>
Package pdftex.def Info: png/taraudage_epaul.png used on input line 316.
(pdftex.def)             Requested size: 126.48564pt x 101.70433pt.

Underfull \hbox (badness 10000) in paragraph at lines 319--320
\T1/mdput/m/it/10.95 Taraudage ter-mi-nant par un
 []


Underfull \hbox (badness 1917) in paragraph at lines 319--320
\T1/mdput/m/it/10.95 s'ar-rte bien avant l'pau-le-ment,
 []


Underfull \hbox (badness 1102) in paragraph at lines 319--320
\T1/mdput/m/it/10.95 ou bien on pr-voit une gorge de
 []

<png/epaulement.png, id=183, 198.0198pt x 154.176pt>
File: png/epaulement.png Graphic file (type png)
 <use png/epaulement.png>
Package pdftex.def Info: png/epaulement.png used on input line 323.
(pdftex.def)             Requested size: 126.48564pt x 98.48172pt.

Underfull \hbox (badness 10000) in paragraph at lines 326--327
\T1/mdput/m/it/10.95 Filetage ter-mi-nant par un
 []

File: png/logo_ptsi.png Graphic file (type png)
<use png/logo_ptsi.png>
Package pdftex.def Info: png/logo_ptsi.png used on input line 330.
(pdftex.def)             Requested size: 56.9055pt x 28.22733pt.
 [7]

Package xcolor Warning: Incompatible color definition on input line 356.


Package xcolor Warning: Incompatible color definition on input line 357.

<png/Fig30_1.png, id=192, 283.7802pt x 147.1899pt>
File: png/Fig30_1.png Graphic file (type png)
 <use png/Fig30_1.png>
Package pdftex.def Info: png/Fig30_1.png used on input line 361.
(pdftex.def)             Requested size: 421.61455pt x 218.7023pt.
File: png/logo_ptsi.png Graphic file (type png)

<use png/logo_ptsi.png>
Package pdftex.def Info: png/logo_ptsi.png used on input line 362.
(pdftex.def)             Requested size: 56.9055pt x 28.22733pt.
 [8 <C:/Enseignements/GitHub/07_Etude_Systemes_Mecaniques_Analyser_Concevoir_Re
aliser/Concevoir/01_BasesCommunicationTechnique/02_ElémentsFiletés/Cours_XP/p
ng/taraudage_lisse.png> <C:/Enseignements/GitHub/07_Etude_Systemes_Mecaniques_A
nalyser_Concevoir_Realiser/Concevoir/01_BasesCommunicationTechnique/02_Elément
sFiletés/Cours_XP/png/taraudage_epaul.png> <C:/Enseignements/GitHub/07_Etude_S
ystemes_Mecaniques_Analyser_Concevoir_Realiser/Concevoir/01_BasesCommunicationT
echnique/02_ElémentsFiletés/Cours_XP/png/epaulement.png>] <png/Fig30_2.png, i
d=201, 124.5453pt x 64.8021pt>
File: png/Fig30_2.png Graphic file (type png)
 <use png/Fig30_2.png>
Package pdftex.def Info: png/Fig30_2.png used on input line 366.
(pdftex.def)             Requested size: 142.29485pt x 74.04521pt.

<png/Fig30_3.png, id=202, 124.5453pt x 64.8021pt>
File: png/Fig30_3.png Graphic file (type png)
 <use png/Fig30_3.png>
Package pdftex.def Info: png/Fig30_3.png used on input line 373.
(pdftex.def)             Requested size: 142.29485pt x 74.04521pt.

<png/Fig30_6.png, id=203, 124.5453pt x 65.043pt>
File: png/Fig30_6.png Graphic file (type png)
 <use png/Fig30_6.png>
Package pdftex.def Info: png/Fig30_6.png used on input line 380.
(pdftex.def)             Requested size: 142.29485pt x 74.32048pt.

<png/Fig30_4.png, id=204, 124.5453pt x 64.8021pt>
File: png/Fig30_4.png Graphic file (type png)
 <use png/Fig30_4.png>
Package pdftex.def Info: png/Fig30_4.png used on input line 390.
(pdftex.def)             Requested size: 142.29485pt x 74.04521pt.

<png/Fig30_5.png, id=205, 124.5453pt x 64.8021pt>
File: png/Fig30_5.png Graphic file (type png)
 <use png/Fig30_5.png>
Package pdftex.def Info: png/Fig30_5.png used on input line 397.
(pdftex.def)             Requested size: 142.29485pt x 74.04521pt.

<png/Fig31.png, id=206, 137.7948pt x 125.0271pt>
File: png/Fig31.png Graphic file (type png)
 <use png/Fig31.png>
Package pdftex.def Info: png/Fig31.png used on input line 408.
(pdftex.def)             Requested size: 210.80325pt x 191.28891pt.
File: png/logo_ptsi.png Graphic file (type png)

<use png/logo_ptsi.png>
Package pdftex.def Info: png/logo_ptsi.png used on input line 410.
(pdftex.def)             Requested size: 56.9055pt x 28.22733pt.
 [9 <C:/Enseignements/GitHub/07_Etude_Systemes_Mecaniques_Analyser_Concevoir_Re
aliser/Concevoir/01_BasesCommunicationTechnique/02_ElémentsFiletés/Cours_XP/p
ng/Fig30_1.png> <C:/Enseignements/GitHub/07_Etude_Systemes_Mecaniques_Analyser_
Concevoir_Realiser/Concevoir/01_BasesCommunicationTechnique/02_ElémentsFileté
s/Cours_XP/png/Fig30_2.png> <C:/Enseignements/GitHub/07_Etude_Systemes_Mecaniqu
es_Analyser_Concevoir_Realiser/Concevoir/01_BasesCommunicationTechnique/02_Elé
mentsFiletés/Cours_XP/png/Fig30_3.png> <C:/Enseignements/GitHub/07_Etude_Syste
mes_Mecaniques_Analyser_Concevoir_Realiser/Concevoir/01_BasesCommunicationTechn
ique/02_ElémentsFiletés/Cours_XP/png/Fig30_6.png> <C:/Enseignements/GitHub/07
_Etude_Systemes_Mecaniques_Analyser_Concevoir_Realiser/Concevoir/01_BasesCommun
icationTechnique/02_ElémentsFiletés/Cours_XP/png/Fig30_4.png> <C:/Enseignemen
ts/GitHub/07_Etude_Systemes_Mecaniques_Analyser_Concevoir_Realiser/Concevoir/01
_BasesCommunicationTechnique/02_ElémentsFiletés/Cours_XP/png/Fig30_5.png>] <p
ng/portees.png, id=217, 387.849pt x 175.3752pt>
File: png/portees.png Graphic file (type png)

<use png/portees.png>
Package pdftex.def Info: png/portees.png used on input line 417.
(pdftex.def)             Requested size: 368.90971pt x 166.81154pt.


Package xcolor Warning: Incompatible color definition on input line 422.

<png/Fig30_7.png, id=218, 92.0238pt x 64.8021pt>
File: png/Fig30_7.png Graphic file (type png)
 <use png/Fig30_7.png>
Package pdftex.def Info: png/Fig30_7.png used on input line 427.
(pdftex.def)             Requested size: 158.10646pt x 111.34567pt.


Package xcolor Warning: Incompatible color definition on input line 435.

File: png/logo_ptsi.png Graphic file (type png)
<use png/logo_ptsi.png>
Package pdftex.def Info: png/logo_ptsi.png used on input line 438.
(pdftex.def)             Requested size: 56.9055pt x 28.22733pt.
 [10 <C:/Enseignements/GitHub/07_Etude_Systemes_Mecaniques_Analyser_Concevoir_R
ealiser/Concevoir/01_BasesCommunicationTechnique/02_ElémentsFiletés/Cours_XP/
png/Fig31.png> <C:/Enseignements/GitHub/07_Etude_Systemes_Mecaniques_Analyser_C
oncevoir_Realiser/Concevoir/01_BasesCommunicationTechnique/02_ElémentsFiletés
/Cours_XP/png/portees.png> <C:/Enseignements/GitHub/07_Etude_Systemes_Mecanique
s_Analyser_Concevoir_Realiser/Concevoir/01_BasesCommunicationTechnique/02_Elém
entsFiletés/Cours_XP/png/Fig30_7.png>]
<png/papier.png, id=226, 803.0pt x 547.04375pt>
File: png/papier.png Graphic file (type png)
 <use png/papier.png>
Package pdftex.def Info: png/papier.png used on input line 440.
(pdftex.def)             Requested size: 142.29485pt x 96.93608pt.

<png/torique.png, id=228, 1154.3125pt x 839.135pt>
File: png/torique.png Graphic file (type png)
 <use png/torique.png>
Package pdftex.def Info: png/torique.png used on input line 447.
(pdftex.def)             Requested size: 142.29485pt x 103.43193pt.

<png/culasse.png, id=230, 1156.32pt x 407.5225pt>
File: png/culasse.png Graphic file (type png)
 <use png/culasse.png>
Package pdftex.def Info: png/culasse.png used on input line 454.
(pdftex.def)             Requested size: 142.29485pt x 50.14424pt.


Package xcolor Warning: Incompatible color definition on input line 461.


Package xcolor Warning: Incompatible color definition on input line 467.

<png/ecrous_2.png, id=232, 1059.96pt x 474.77374pt>
File: png/ecrous_2.png Graphic file (type png)
 <use png/ecrous_2.png>
Package pdftex.def Info: png/ecrous_2.png used on input line 469.
(pdftex.def)             Requested size: 421.61455pt x 188.84843pt.

<png/ecrous_3.png, id=233, 1037.8775pt x 275.0275pt>
File: png/ecrous_3.png Graphic file (type png)
 <use png/ecrous_3.png>
Package pdftex.def Info: png/ecrous_3.png used on input line 473.
(pdftex.def)             Requested size: 421.61455pt x 111.72545pt.


Package xcolor Warning: Incompatible color definition on input line 476.

<png/rondelles.png, id=234, 1071.00125pt x 469.755pt>
File: png/rondelles.png Graphic file (type png)
 <use png/rondelles.png>
Package pdftex.def Info: png/rondelles.png used on input line 479.
(pdftex.def)             Requested size: 421.61455pt x 184.924pt.
File: png/logo_ptsi.png Graphic file (type png)

<use png/logo_ptsi.png>
Package pdftex.def Info: png/logo_ptsi.png used on input line 480.
(pdftex.def)             Requested size: 56.9055pt x 28.22733pt.
 [11 <C:/Enseignements/GitHub/07_Etude_Systemes_Mecaniques_Analyser_Concevoir_R
ealiser/Concevoir/01_BasesCommunicationTechnique/02_ElémentsFiletés/Cours_XP/
png/papier.png> <C:/Enseignements/GitHub/07_Etude_Systemes_Mecaniques_Analyser_
Concevoir_Realiser/Concevoir/01_BasesCommunicationTechnique/02_ElémentsFileté
s/Cours_XP/png/torique.png> <C:/Enseignements/GitHub/07_Etude_Systemes_Mecaniqu
es_Analyser_Concevoir_Realiser/Concevoir/01_BasesCommunicationTechnique/02_Elé
mentsFiletés/Cours_XP/png/culasse.png> <C:/Enseignements/GitHub/07_Etude_Syste
mes_Mecaniques_Analyser_Concevoir_Realiser/Concevoir/01_BasesCommunicationTechn
ique/02_ElémentsFiletés/Cours_XP/png/ecrous_2.png> <C:/Enseignements/GitHub/0
7_Etude_Systemes_Mecaniques_Analyser_Concevoir_Realiser/Concevoir/01_BasesCommu
nicationTechnique/02_ElémentsFiletés/Cours_XP/png/ecrous_3.png>]

Package xcolor Warning: Incompatible color definition on input line 482.


Package xcolor Warning: Incompatible color definition on input line 486.

<png/cles.png, id=244, 1246.6575pt x 312.16624pt>
File: png/cles.png Graphic file (type png)
 <use png/cles.png>
Package pdftex.def Info: png/cles.png used on input line 489.
(pdftex.def)             Requested size: 421.61455pt x 105.57304pt.
LaTeX Font Info:    Font shape `T1/cmtt/m/n' will be
(Font)              scaled to size 11.71657pt on input line 504.

Underfull \hbox (badness 10000) in paragraph at lines 509--510
[]\T1/mdput/m/n/10.95 Supports de cours de Phi-lippe Fi-chou, Ly-ce Vau-ban, B
rest [][]$\T1/cmtt/m/n/10.95 http : / / philippe . fichou .$
 []

Package atveryend Info: Empty hook `BeforeClearDocument' on input line 513.
File: png/logo_ptsi.png Graphic file (type png)
<use png/logo_ptsi.png>
Package pdftex.def Info: png/logo_ptsi.png used on input line 513.
(pdftex.def)             Requested size: 56.9055pt x 28.22733pt.
 [12pdfTeX warning (ext4): destination with the same identifier (name{cite.pf})
 has been already used, duplicate ignored

\@EveryShipout@Output ...@Org@Shipout \box \@cclv 
                                                  
l.513 \end{document}
                     <C:/Enseignements/GitHub/07_Etude_Systemes_Mecaniques_Anal
yser_Concevoir_Realiser/Concevoir/01_BasesCommunicationTechnique/02_ElémentsFi
letés/Cours_XP/png/rondelles.png> <C:/Enseignements/GitHub/07_Etude_Systemes_M
ecaniques_Analyser_Concevoir_Realiser/Concevoir/01_BasesCommunicationTechnique/
02_ElémentsFiletés/Cours_XP/png/cles.png>]
Package atveryend Info: Empty hook `AfterLastShipout' on input line 513.

(C:\Enseignements\GitHub\07_Etude_Systemes_Mecaniques_Analyser_Concevoir_Realis
er\Concevoir\01_BasesCommunicationTechnique\02_ElémentsFiletés\Cours_XP\07_CP
T_01_ElementsFiletes_Cours.aux)
Package atveryend Info: Executing hook `AtVeryEndDocument' on input line 513.
Package atveryend Info: Executing hook `AtEndAfterFileList' on input line 513.
Package rerunfilecheck Info: File `07_CPT_01_ElementsFiletes_Cours.out' has not
 changed.
(rerunfilecheck)             Checksum: 257C0A8CBA0FFDE37C49977C3AF66563;1264.


LaTeX Warning: There were multiply-defined labels.

Package atveryend Info: Empty hook `AtVeryVeryEnd' on input line 513.
 ) 
Here is how much of TeX's memory you used:
 23474 strings out of 493921
 419512 string characters out of 3147279
 562184 words of memory out of 3000000
 26151 multiletter control sequences out of 15000+200000
 138718 words of font info for 89 fonts, out of 3000000 for 9000
 841 hyphenation exceptions out of 8191
 63i,18n,96p,668b,502s stack positions out of 5000i,500n,10000p,200000b,50000s
 <C:\Users\Xavier\AppData\Local\MiKTeX\2.9\fonts\pk\ljfour\jknappen\ec\dpi642
\ectt1095.pk> <C:\Users\Xavier\AppData\Local\MiKTeX\2.9\fonts\pk\ljfour\jknappe
n\ec\dpi622\ecsx1095.pk> <C:\Users\Xavier\AppData\Local\MiKTeX\2.9\fonts\pk\ljf
our\jknappen\ec\dpi622\ecsx1200.pk> <C:\Users\Xavier\AppData\Local\MiKTeX\2.9\f
onts\pk\ljfour\jknappen\ec\dpi622\ecsx1440.pk>{C:/Program Files/MiKTeX 2.9/font
s/enc/dvips/fontname/texnansi.enc} <C:\Users\Xavier\AppData\Local\MiKTeX\2.9\fo
nts\pk\ljfour\jknappen\ec\dpi622\ecss1095.pk> <C:\Users\Xavier\AppData\Local\Mi
KTeX\2.9\fonts\pk\ljfour\jknappen\ec\dpi622\ecsi1095.pk> <C:\Users\Xavier\AppDa
ta\Local\MiKTeX\2.9\fonts\pk\ljfour\jknappen\ec\dpi622\ecsi0900.pk><C:/Program 
Files/MiKTeX 2.9/fonts/type1/mathdesign/mdput/md-utr7t.pfb><C:/Program Files/Mi
KTeX 2.9/fonts/type1/mathdesign/mdput/md-utr7y.pfb><C:/Program Files/MiKTeX 2.9
/fonts/type1/mathdesign/mdput/md-utr8t.pfb><C:/Program Files/MiKTeX 2.9/fonts/t
ype1/mathdesign/mdput/md-utri8t.pfb><C:/Program Files/MiKTeX 2.9/fonts/type1/ad
obe/utopia/putb8a.pfb><C:/Program Files/MiKTeX 2.9/fonts/type1/adobe/utopia/put
r8a.pfb><C:/Program Files/MiKTeX 2.9/fonts/type1/adobe/utopia/putri8a.pfb>
Output written on 07_CPT_01_ElementsFiletes_Cours.pdf (12 pages, 3537268 bytes)
.
PDF statistics:
 529 PDF objects out of 1000 (max. 8388607)
 45 named destinations out of 1000 (max. 500000)
 329 words of extra memory for PDF output out of 10000 (max. 10000000)

